<?xml version="1.0" encoding="UTF-8"?>
<testsuite name="com.example.data_service.DataServiceApplicationTests" tests="1" skipped="0" failures="0" errors="0" timestamp="2024-10-15T22:01:29" hostname="ALEXPC" time="0.774">
  <properties/>
  <testcase name="contextLoads()" classname="com.example.data_service.DataServiceApplicationTests" time="0.774"/>
  <system-out><![CDATA[00:01:22.584 [Test worker] INFO org.springframework.test.context.support.AnnotationConfigContextLoaderUtils -- Could not detect default configuration classes for test class [com.example.data_service.DataServiceApplicationTests]: DataServiceApplicationTests does not declare any static, non-private, non-final, nested classes annotated with @Configuration.
00:01:22.776 [Test worker] INFO org.springframework.boot.test.context.SpringBootTestContextBootstrapper -- Found @SpringBootConfiguration com.example.data_service.DataServiceApplication for test class com.example.data_service.DataServiceApplicationTests

  .   ____          _            __ _ _
 /\\ / ___'_ __ _ _(_)_ __  __ _ \ \ \ \
( ( )\___ | '_ | '_| | '_ \/ _` | \ \ \ \
 \\/  ___)| |_)| | | | | || (_| |  ) ) ) )
  '  |____| .__|_| |_|_| |_\__, | / / / /
 =========|_|==============|___/=/_/_/_/

 :: Spring Boot ::                (v3.3.4)

2024-10-16T00:01:23.460+02:00  INFO 8028 --- [data-service] [    Test worker] c.e.d.DataServiceApplicationTests        : Starting DataServiceApplicationTests using Java 21.0.4 with PID 8028 (started by avuzi in C:\Users\avuzi\OneDrive\Desktop\backend_solo\mySolution\data-service)
2024-10-16T00:01:23.461+02:00 DEBUG 8028 --- [data-service] [    Test worker] c.e.d.DataServiceApplicationTests        : Running with Spring Boot v3.3.4, Spring v6.1.13
2024-10-16T00:01:23.462+02:00  INFO 8028 --- [data-service] [    Test worker] c.e.d.DataServiceApplicationTests        : The following 1 profile is active: "test"
2024-10-16T00:01:23.516+02:00 DEBUG 8028 --- [data-service] [    Test worker] o.s.w.c.s.GenericWebApplicationContext   : Refreshing org.springframework.web.context.support.GenericWebApplicationContext@23e44287
2024-10-16T00:01:24.591+02:00  INFO 8028 --- [data-service] [    Test worker] .s.d.r.c.RepositoryConfigurationDelegate : Bootstrapping Spring Data JPA repositories in DEFAULT mode.
2024-10-16T00:01:24.683+02:00  INFO 8028 --- [data-service] [    Test worker] .s.d.r.c.RepositoryConfigurationDelegate : Finished Spring Data repository scanning in 76 ms. Found 1 JPA repository interface.
2024-10-16T00:01:25.522+02:00  INFO 8028 --- [data-service] [    Test worker] o.hibernate.jpa.internal.util.LogHelper  : HHH000204: Processing PersistenceUnitInfo [name: default]
2024-10-16T00:01:25.619+02:00  INFO 8028 --- [data-service] [    Test worker] org.hibernate.Version                    : HHH000412: Hibernate ORM core version 6.5.3.Final
2024-10-16T00:01:25.694+02:00  INFO 8028 --- [data-service] [    Test worker] o.h.c.internal.RegionFactoryInitiator    : HHH000026: Second-level cache disabled
2024-10-16T00:01:26.136+02:00  INFO 8028 --- [data-service] [    Test worker] o.s.o.j.p.SpringPersistenceUnitInfo      : No LoadTimeWeaver setup: ignoring JPA class transformer
2024-10-16T00:01:26.183+02:00  INFO 8028 --- [data-service] [    Test worker] com.zaxxer.hikari.HikariDataSource       : HikariPool-1 - Starting...
2024-10-16T00:01:26.559+02:00  INFO 8028 --- [data-service] [    Test worker] com.zaxxer.hikari.pool.HikariPool        : HikariPool-1 - Added connection conn1: url=jdbc:h2:file:./data/testdb user=SA
2024-10-16T00:01:26.563+02:00  INFO 8028 --- [data-service] [    Test worker] com.zaxxer.hikari.HikariDataSource       : HikariPool-1 - Start completed.
2024-10-16T00:01:26.599+02:00  WARN 8028 --- [data-service] [    Test worker] org.hibernate.orm.deprecation            : HHH90000025: H2Dialect does not need to be specified explicitly using 'hibernate.dialect' (remove the property setting and it will be selected by default)
2024-10-16T00:01:27.712+02:00  INFO 8028 --- [data-service] [    Test worker] o.h.e.t.j.p.i.JtaPlatformInitiator       : HHH000489: No JTA platform available (set 'hibernate.transaction.jta.platform' to enable JTA platform integration)
2024-10-16T00:01:27.772+02:00  INFO 8028 --- [data-service] [    Test worker] j.LocalContainerEntityManagerFactoryBean : Initialized JPA EntityManagerFactory for persistence unit 'default'
2024-10-16T00:01:28.197+02:00  WARN 8028 --- [data-service] [    Test worker] JpaBaseConfiguration$JpaWebConfiguration : spring.jpa.open-in-view is enabled by default. Therefore, database queries may be performed during view rendering. Explicitly configure spring.jpa.open-in-view to disable this warning
2024-10-16T00:01:28.229+02:00  WARN 8028 --- [data-service] [    Test worker] .s.s.UserDetailsServiceAutoConfiguration : 

Using generated security password: 2576ff06-124d-408e-97f6-84e45b68ef11

This generated password is for development use only. Your security configuration must be updated before running your application in production.

2024-10-16T00:01:28.271+02:00  INFO 8028 --- [data-service] [    Test worker] r$InitializeUserDetailsManagerConfigurer : Global AuthenticationManager configured with UserDetailsService bean with name inMemoryUserDetailsManager
2024-10-16T00:01:28.474+02:00 DEBUG 8028 --- [data-service] [    Test worker] s.w.s.m.m.a.RequestMappingHandlerMapping : 7 mappings in 'requestMappingHandlerMapping'
2024-10-16T00:01:28.677+02:00 DEBUG 8028 --- [data-service] [    Test worker] o.s.w.s.handler.SimpleUrlHandlerMapping  : Patterns [/webjars/**, /**] in 'resourceHandlerMapping'
2024-10-16T00:01:28.796+02:00 DEBUG 8028 --- [data-service] [    Test worker] o.s.s.web.DefaultSecurityFilterChain     : Will secure any request with filters: DisableEncodeUrlFilter, WebAsyncManagerIntegrationFilter, SecurityContextHolderFilter, HeaderWriterFilter, CorsFilter, LogoutFilter, JwtAuthenticationFilter, RequestCacheAwareFilter, SecurityContextHolderAwareRequestFilter, AnonymousAuthenticationFilter, SessionManagementFilter, ExceptionTranslationFilter, AuthorizationFilter
2024-10-16T00:01:29.150+02:00 DEBUG 8028 --- [data-service] [    Test worker] s.w.s.m.m.a.RequestMappingHandlerAdapter : ControllerAdvice beans: 0 @ModelAttribute, 0 @InitBinder, 1 RequestBodyAdvice, 1 ResponseBodyAdvice
2024-10-16T00:01:29.259+02:00 DEBUG 8028 --- [data-service] [    Test worker] .m.m.a.ExceptionHandlerExceptionResolver : ControllerAdvice beans: 0 @ExceptionHandler, 1 ResponseBodyAdvice
2024-10-16T00:01:29.349+02:00  INFO 8028 --- [data-service] [    Test worker] o.s.b.a.h2.H2ConsoleAutoConfiguration    : H2 console available at '/h2-console'. Database available at 'jdbc:h2:file:./data/testdb'
2024-10-16T00:01:29.480+02:00  INFO 8028 --- [data-service] [    Test worker] c.e.d.DataServiceApplicationTests        : Started DataServiceApplicationTests in 6.439 seconds (process running for 8.713)
]]></system-out>
  <system-err><![CDATA[WARNING: A Java agent has been loaded dynamically (C:\Users\avuzi\.gradle\caches\modules-2\files-2.1\net.bytebuddy\byte-buddy-agent\1.14.19\154da3a65b4f4a909d3e5bdec55d1b2b4cbb6ce1\byte-buddy-agent-1.14.19.jar)
WARNING: If a serviceability tool is in use, please run with -XX:+EnableDynamicAgentLoading to hide this warning
WARNING: If a serviceability tool is not in use, please run with -Djdk.instrument.traceUsage for more information
WARNING: Dynamic loading of agents will be disallowed by default in a future release
]]></system-err>
</testsuite>
