<?xml version="1.0" encoding="UTF-8"?>
<testsuite name="com.example.data_service.controller.CustomerControllerTests" tests="8" skipped="0" failures="0" errors="0" timestamp="2024-10-15T22:15:49" hostname="ALEXPC" time="0.561">
  <properties/>
  <testcase name="testGetCustomerById()" classname="com.example.data_service.controller.CustomerControllerTests" time="0.3"/>
  <testcase name="testGetCustomerByIdNotFound()" classname="com.example.data_service.controller.CustomerControllerTests" time="0.017"/>
  <testcase name="testGetAllCustomers()" classname="com.example.data_service.controller.CustomerControllerTests" time="0.021"/>
  <testcase name="testUpdateCustomer()" classname="com.example.data_service.controller.CustomerControllerTests" time="0.148"/>
  <testcase name="testCreateCustomer()" classname="com.example.data_service.controller.CustomerControllerTests" time="0.016"/>
  <testcase name="testDeleteCustomer()" classname="com.example.data_service.controller.CustomerControllerTests" time="0.014"/>
  <testcase name="testDeleteCustomerNotFound()" classname="com.example.data_service.controller.CustomerControllerTests" time="0.011"/>
  <testcase name="testUpdateCustomerNotFound()" classname="com.example.data_service.controller.CustomerControllerTests" time="0.015"/>
  <system-out><![CDATA[2024-10-16T00:15:48.762+02:00  INFO 22532 --- [data-service] [    Test worker] t.c.s.AnnotationConfigContextLoaderUtils : Could not detect default configuration classes for test class [com.example.data_service.controller.CustomerControllerTests]: CustomerControllerTests does not declare any static, non-private, non-final, nested classes annotated with @Configuration.
2024-10-16T00:15:48.816+02:00  INFO 22532 --- [data-service] [    Test worker] .b.t.c.SpringBootTestContextBootstrapper : Found @SpringBootConfiguration com.example.data_service.DataServiceApplication for test class com.example.data_service.controller.CustomerControllerTests

  .   ____          _            __ _ _
 /\\ / ___'_ __ _ _(_)_ __  __ _ \ \ \ \
( ( )\___ | '_ | '_| | '_ \/ _` | \ \ \ \
 \\/  ___)| |_)| | | | | || (_| |  ) ) ) )
  '  |____| .__|_| |_|_| |_\__, | / / / /
 =========|_|==============|___/=/_/_/_/

 :: Spring Boot ::                (v3.3.4)

2024-10-16T00:15:48.860+02:00  INFO 22532 --- [data-service] [    Test worker] c.e.d.c.CustomerControllerTests          : Starting CustomerControllerTests using Java 21.0.4 with PID 22532 (started by avuzi in C:\Users\avuzi\OneDrive\Desktop\backend_solo\mySolution\data-service)
2024-10-16T00:15:48.860+02:00 DEBUG 22532 --- [data-service] [    Test worker] c.e.d.c.CustomerControllerTests          : Running with Spring Boot v3.3.4, Spring v6.1.13
2024-10-16T00:15:48.861+02:00  INFO 22532 --- [data-service] [    Test worker] c.e.d.c.CustomerControllerTests          : No active profile set, falling back to 1 default profile: "default"
2024-10-16T00:15:48.864+02:00 DEBUG 22532 --- [data-service] [    Test worker] o.s.w.c.s.GenericWebApplicationContext   : Refreshing org.springframework.web.context.support.GenericWebApplicationContext@27b9d5b7
2024-10-16T00:15:49.624+02:00  WARN 22532 --- [data-service] [    Test worker] .s.s.UserDetailsServiceAutoConfiguration : 

Using generated security password: ce4a82c4-ef2c-4eb3-85da-a1fa85d9d69e

This generated password is for development use only. Your security configuration must be updated before running your application in production.

2024-10-16T00:15:49.628+02:00  INFO 22532 --- [data-service] [    Test worker] r$InitializeUserDetailsManagerConfigurer : Global AuthenticationManager configured with UserDetailsService bean with name inMemoryUserDetailsManager
2024-10-16T00:15:49.652+02:00 DEBUG 22532 --- [data-service] [    Test worker] o.s.s.web.DefaultSecurityFilterChain     : Will secure any request with filters: DisableEncodeUrlFilter, WebAsyncManagerIntegrationFilter, SecurityContextHolderFilter, HeaderWriterFilter, LogoutFilter, RequestCacheAwareFilter, SecurityContextHolderAwareRequestFilter, AnonymousAuthenticationFilter, ExceptionTranslationFilter, AuthorizationFilter
2024-10-16T00:15:49.753+02:00 DEBUG 22532 --- [data-service] [    Test worker] s.w.s.m.m.a.RequestMappingHandlerMapping : 7 mappings in 'requestMappingHandlerMapping'
2024-10-16T00:15:49.822+02:00 DEBUG 22532 --- [data-service] [    Test worker] o.s.w.s.handler.SimpleUrlHandlerMapping  : Patterns [/webjars/**, /**] in 'resourceHandlerMapping'
2024-10-16T00:15:49.837+02:00 DEBUG 22532 --- [data-service] [    Test worker] s.w.s.m.m.a.RequestMappingHandlerAdapter : ControllerAdvice beans: 0 @ModelAttribute, 0 @InitBinder, 1 RequestBodyAdvice, 1 ResponseBodyAdvice
2024-10-16T00:15:49.844+02:00 DEBUG 22532 --- [data-service] [    Test worker] .m.m.a.ExceptionHandlerExceptionResolver : ControllerAdvice beans: 0 @ExceptionHandler, 1 ResponseBodyAdvice
2024-10-16T00:15:49.944+02:00  INFO 22532 --- [data-service] [    Test worker] o.s.b.t.m.w.SpringBootMockServletContext : Initializing Spring TestDispatcherServlet ''
2024-10-16T00:15:49.945+02:00  INFO 22532 --- [data-service] [    Test worker] o.s.t.web.servlet.TestDispatcherServlet  : Initializing Servlet ''
2024-10-16T00:15:49.948+02:00  INFO 22532 --- [data-service] [    Test worker] o.s.t.web.servlet.TestDispatcherServlet  : Completed initialization in 2 ms
2024-10-16T00:15:49.979+02:00  INFO 22532 --- [data-service] [    Test worker] c.e.d.c.CustomerControllerTests          : Started CustomerControllerTests in 1.157 seconds (process running for 11.468)
2024-10-16T00:15:50.075+02:00 DEBUG 22532 --- [data-service] [    Test worker] w.c.HttpSessionSecurityContextRepository : Created HttpSession as SecurityContext is non-default
2024-10-16T00:15:50.076+02:00 DEBUG 22532 --- [data-service] [    Test worker] w.c.HttpSessionSecurityContextRepository : Stored SecurityContextImpl [Authentication=UsernamePasswordAuthenticationToken [Principal=org.springframework.security.core.userdetails.User [Username=user, Password=[PROTECTED], Enabled=true, AccountNonExpired=true, CredentialsNonExpired=true, AccountNonLocked=true, Granted Authorities=[ROLE_USER]], Credentials=[PROTECTED], Authenticated=true, Details=null, Granted Authorities=[ROLE_USER]]] to HttpSession [org.springframework.mock.web.MockHttpSession@7bd4f212]
2024-10-16T00:15:50.103+02:00 DEBUG 22532 --- [data-service] [    Test worker] o.s.security.web.FilterChainProxy        : Securing GET /api/customers/1
2024-10-16T00:15:50.116+02:00 DEBUG 22532 --- [data-service] [    Test worker] o.s.security.web.FilterChainProxy        : Secured GET /api/customers/1
2024-10-16T00:15:50.124+02:00 DEBUG 22532 --- [data-service] [    Test worker] s.w.s.m.m.a.RequestMappingHandlerMapping : Mapped to com.example.data_service.controller.CustomerController#getCustomerById(Long)
2024-10-16T00:15:50.238+02:00 DEBUG 22532 --- [data-service] [    Test worker] o.s.w.s.m.m.a.HttpEntityMethodProcessor  : Using 'application/json', given [*/*] and supported [application/json, application/*+json]
2024-10-16T00:15:50.242+02:00 DEBUG 22532 --- [data-service] [    Test worker] o.s.w.s.m.m.a.HttpEntityMethodProcessor  : Writing [com.example.data_service.model.Customer@270663e2]
2024-10-16T00:15:50.273+02:00 DEBUG 22532 --- [data-service] [    Test worker] w.c.HttpSessionSecurityContextRepository : Retrieved SecurityContextImpl [Authentication=UsernamePasswordAuthenticationToken [Principal=org.springframework.security.core.userdetails.User [Username=user, Password=[PROTECTED], Enabled=true, AccountNonExpired=true, CredentialsNonExpired=true, AccountNonLocked=true, Granted Authorities=[ROLE_USER]], Credentials=[PROTECTED], Authenticated=true, Details=null, Granted Authorities=[ROLE_USER]]]
2024-10-16T00:15:50.292+02:00  INFO 22532 --- [data-service] [    Test worker] c.e.d.c.CustomerControllerTests          : GetCustomerById Response: {"id":1,"name":"John Doe","email":"john@example.com"}
2024-10-16T00:15:50.308+02:00 DEBUG 22532 --- [data-service] [    Test worker] w.c.HttpSessionSecurityContextRepository : Created HttpSession as SecurityContext is non-default
2024-10-16T00:15:50.308+02:00 DEBUG 22532 --- [data-service] [    Test worker] w.c.HttpSessionSecurityContextRepository : Stored SecurityContextImpl [Authentication=UsernamePasswordAuthenticationToken [Principal=org.springframework.security.core.userdetails.User [Username=user, Password=[PROTECTED], Enabled=true, AccountNonExpired=true, CredentialsNonExpired=true, AccountNonLocked=true, Granted Authorities=[ROLE_USER]], Credentials=[PROTECTED], Authenticated=true, Details=null, Granted Authorities=[ROLE_USER]]] to HttpSession [org.springframework.mock.web.MockHttpSession@25777ab6]
2024-10-16T00:15:50.309+02:00 DEBUG 22532 --- [data-service] [    Test worker] o.s.security.web.FilterChainProxy        : Securing GET /api/customers/1
2024-10-16T00:15:50.309+02:00 DEBUG 22532 --- [data-service] [    Test worker] o.s.security.web.FilterChainProxy        : Secured GET /api/customers/1
2024-10-16T00:15:50.310+02:00 DEBUG 22532 --- [data-service] [    Test worker] s.w.s.m.m.a.RequestMappingHandlerMapping : Mapped to com.example.data_service.controller.CustomerController#getCustomerById(Long)
2024-10-16T00:15:50.313+02:00 DEBUG 22532 --- [data-service] [    Test worker] o.s.w.s.m.m.a.HttpEntityMethodProcessor  : Using 'application/json', given [*/*] and supported [application/json, application/*+json]
2024-10-16T00:15:50.313+02:00 DEBUG 22532 --- [data-service] [    Test worker] o.s.w.s.m.m.a.HttpEntityMethodProcessor  : Nothing to write: null body
2024-10-16T00:15:50.313+02:00 DEBUG 22532 --- [data-service] [    Test worker] w.c.HttpSessionSecurityContextRepository : Retrieved SecurityContextImpl [Authentication=UsernamePasswordAuthenticationToken [Principal=org.springframework.security.core.userdetails.User [Username=user, Password=[PROTECTED], Enabled=true, AccountNonExpired=true, CredentialsNonExpired=true, AccountNonLocked=true, Granted Authorities=[ROLE_USER]], Credentials=[PROTECTED], Authenticated=true, Details=null, Granted Authorities=[ROLE_USER]]]
2024-10-16T00:15:50.315+02:00  INFO 22532 --- [data-service] [    Test worker] c.e.d.c.CustomerControllerTests          : GetCustomerByIdNotFound Response: 
2024-10-16T00:15:50.325+02:00 DEBUG 22532 --- [data-service] [    Test worker] w.c.HttpSessionSecurityContextRepository : Created HttpSession as SecurityContext is non-default
2024-10-16T00:15:50.326+02:00 DEBUG 22532 --- [data-service] [    Test worker] w.c.HttpSessionSecurityContextRepository : Stored SecurityContextImpl [Authentication=UsernamePasswordAuthenticationToken [Principal=org.springframework.security.core.userdetails.User [Username=user, Password=[PROTECTED], Enabled=true, AccountNonExpired=true, CredentialsNonExpired=true, AccountNonLocked=true, Granted Authorities=[ROLE_USER]], Credentials=[PROTECTED], Authenticated=true, Details=null, Granted Authorities=[ROLE_USER]]] to HttpSession [org.springframework.mock.web.MockHttpSession@37d12d0e]
2024-10-16T00:15:50.326+02:00 DEBUG 22532 --- [data-service] [    Test worker] o.s.security.web.FilterChainProxy        : Securing GET /api/customers
2024-10-16T00:15:50.328+02:00 DEBUG 22532 --- [data-service] [    Test worker] o.s.security.web.FilterChainProxy        : Secured GET /api/customers
2024-10-16T00:15:50.328+02:00 DEBUG 22532 --- [data-service] [    Test worker] s.w.s.m.m.a.RequestMappingHandlerMapping : Mapped to com.example.data_service.controller.CustomerController#getAllCustomers()
2024-10-16T00:15:50.334+02:00 DEBUG 22532 --- [data-service] [    Test worker] m.m.a.RequestResponseBodyMethodProcessor : Using 'application/json', given [*/*] and supported [application/json, application/*+json]
2024-10-16T00:15:50.334+02:00 DEBUG 22532 --- [data-service] [    Test worker] m.m.a.RequestResponseBodyMethodProcessor : Writing [[com.example.data_service.model.Customer@3d2be0df, com.example.data_service.model.Customer@6affbed1]]
2024-10-16T00:15:50.337+02:00 DEBUG 22532 --- [data-service] [    Test worker] w.c.HttpSessionSecurityContextRepository : Retrieved SecurityContextImpl [Authentication=UsernamePasswordAuthenticationToken [Principal=org.springframework.security.core.userdetails.User [Username=user, Password=[PROTECTED], Enabled=true, AccountNonExpired=true, CredentialsNonExpired=true, AccountNonLocked=true, Granted Authorities=[ROLE_USER]], Credentials=[PROTECTED], Authenticated=true, Details=null, Granted Authorities=[ROLE_USER]]]
2024-10-16T00:15:50.339+02:00  INFO 22532 --- [data-service] [    Test worker] c.e.d.c.CustomerControllerTests          : GetAllCustomers Response: [{"id":null,"name":"John Doe","email":"john@example.com"},{"id":null,"name":"Jane Doe","email":"jane@example.com"}]
2024-10-16T00:15:50.355+02:00 DEBUG 22532 --- [data-service] [    Test worker] w.c.HttpSessionSecurityContextRepository : Created HttpSession as SecurityContext is non-default
2024-10-16T00:15:50.355+02:00 DEBUG 22532 --- [data-service] [    Test worker] w.c.HttpSessionSecurityContextRepository : Stored SecurityContextImpl [Authentication=UsernamePasswordAuthenticationToken [Principal=org.springframework.security.core.userdetails.User [Username=user, Password=[PROTECTED], Enabled=true, AccountNonExpired=true, CredentialsNonExpired=true, AccountNonLocked=true, Granted Authorities=[ROLE_USER]], Credentials=[PROTECTED], Authenticated=true, Details=null, Granted Authorities=[ROLE_USER]]] to HttpSession [org.springframework.mock.web.MockHttpSession@56da2437]
2024-10-16T00:15:50.358+02:00 DEBUG 22532 --- [data-service] [    Test worker] o.s.security.web.FilterChainProxy        : Securing PUT /api/customers/1
2024-10-16T00:15:50.358+02:00 DEBUG 22532 --- [data-service] [    Test worker] o.s.security.web.FilterChainProxy        : Secured PUT /api/customers/1
2024-10-16T00:15:50.359+02:00 DEBUG 22532 --- [data-service] [    Test worker] s.w.s.m.m.a.RequestMappingHandlerMapping : Mapped to com.example.data_service.controller.CustomerController#updateCustomer(Long, Customer)
2024-10-16T00:15:50.410+02:00 DEBUG 22532 --- [data-service] [    Test worker] m.m.a.RequestResponseBodyMethodProcessor : Read "application/json;charset=UTF-8" to [com.example.data_service.model.Customer@675c1335]
2024-10-16T00:15:50.488+02:00 DEBUG 22532 --- [data-service] [    Test worker] o.s.w.s.m.m.a.HttpEntityMethodProcessor  : Using 'application/json', given [*/*] and supported [application/json, application/*+json]
2024-10-16T00:15:50.489+02:00 DEBUG 22532 --- [data-service] [    Test worker] o.s.w.s.m.m.a.HttpEntityMethodProcessor  : Writing [com.example.data_service.model.Customer@665902eb]
2024-10-16T00:15:50.490+02:00 DEBUG 22532 --- [data-service] [    Test worker] w.c.HttpSessionSecurityContextRepository : Retrieved SecurityContextImpl [Authentication=UsernamePasswordAuthenticationToken [Principal=org.springframework.security.core.userdetails.User [Username=user, Password=[PROTECTED], Enabled=true, AccountNonExpired=true, CredentialsNonExpired=true, AccountNonLocked=true, Granted Authorities=[ROLE_USER]], Credentials=[PROTECTED], Authenticated=true, Details=null, Granted Authorities=[ROLE_USER]]]
2024-10-16T00:15:50.492+02:00  INFO 22532 --- [data-service] [    Test worker] c.e.d.c.CustomerControllerTests          : UpdateCustomer Response: {"id":1,"name":"John Updated","email":"johnupdated@example.com"}
2024-10-16T00:15:50.501+02:00 DEBUG 22532 --- [data-service] [    Test worker] w.c.HttpSessionSecurityContextRepository : Created HttpSession as SecurityContext is non-default
2024-10-16T00:15:50.501+02:00 DEBUG 22532 --- [data-service] [    Test worker] w.c.HttpSessionSecurityContextRepository : Stored SecurityContextImpl [Authentication=UsernamePasswordAuthenticationToken [Principal=org.springframework.security.core.userdetails.User [Username=user, Password=[PROTECTED], Enabled=true, AccountNonExpired=true, CredentialsNonExpired=true, AccountNonLocked=true, Granted Authorities=[ROLE_USER]], Credentials=[PROTECTED], Authenticated=true, Details=null, Granted Authorities=[ROLE_USER]]] to HttpSession [org.springframework.mock.web.MockHttpSession@6ca6d195]
2024-10-16T00:15:50.503+02:00 DEBUG 22532 --- [data-service] [    Test worker] o.s.security.web.FilterChainProxy        : Securing POST /api/customers
2024-10-16T00:15:50.504+02:00 DEBUG 22532 --- [data-service] [    Test worker] o.s.security.web.FilterChainProxy        : Secured POST /api/customers
2024-10-16T00:15:50.505+02:00 DEBUG 22532 --- [data-service] [    Test worker] s.w.s.m.m.a.RequestMappingHandlerMapping : Mapped to com.example.data_service.controller.CustomerController#createCustomer(Customer)
2024-10-16T00:15:50.507+02:00 DEBUG 22532 --- [data-service] [    Test worker] m.m.a.RequestResponseBodyMethodProcessor : Read "application/json;charset=UTF-8" to [com.example.data_service.model.Customer@3b8b1ba9]
2024-10-16T00:15:50.508+02:00 DEBUG 22532 --- [data-service] [    Test worker] o.s.w.s.m.m.a.HttpEntityMethodProcessor  : Using 'application/json', given [*/*] and supported [application/json, application/*+json]
2024-10-16T00:15:50.508+02:00 DEBUG 22532 --- [data-service] [    Test worker] o.s.w.s.m.m.a.HttpEntityMethodProcessor  : Writing [com.example.data_service.model.Customer@e8bd42f]
2024-10-16T00:15:50.509+02:00 DEBUG 22532 --- [data-service] [    Test worker] w.c.HttpSessionSecurityContextRepository : Retrieved SecurityContextImpl [Authentication=UsernamePasswordAuthenticationToken [Principal=org.springframework.security.core.userdetails.User [Username=user, Password=[PROTECTED], Enabled=true, AccountNonExpired=true, CredentialsNonExpired=true, AccountNonLocked=true, Granted Authorities=[ROLE_USER]], Credentials=[PROTECTED], Authenticated=true, Details=null, Granted Authorities=[ROLE_USER]]]
2024-10-16T00:15:50.511+02:00  INFO 22532 --- [data-service] [    Test worker] c.e.d.c.CustomerControllerTests          : CreateCustomer Response: {"id":null,"name":"John Doe","email":"john@example.com"}
2024-10-16T00:15:50.518+02:00 DEBUG 22532 --- [data-service] [    Test worker] w.c.HttpSessionSecurityContextRepository : Created HttpSession as SecurityContext is non-default
2024-10-16T00:15:50.519+02:00 DEBUG 22532 --- [data-service] [    Test worker] w.c.HttpSessionSecurityContextRepository : Stored SecurityContextImpl [Authentication=UsernamePasswordAuthenticationToken [Principal=org.springframework.security.core.userdetails.User [Username=user, Password=[PROTECTED], Enabled=true, AccountNonExpired=true, CredentialsNonExpired=true, AccountNonLocked=true, Granted Authorities=[ROLE_USER]], Credentials=[PROTECTED], Authenticated=true, Details=null, Granted Authorities=[ROLE_USER]]] to HttpSession [org.springframework.mock.web.MockHttpSession@64c009b8]
2024-10-16T00:15:50.520+02:00 DEBUG 22532 --- [data-service] [    Test worker] o.s.security.web.FilterChainProxy        : Securing DELETE /api/customers/1
2024-10-16T00:15:50.520+02:00 DEBUG 22532 --- [data-service] [    Test worker] o.s.security.web.FilterChainProxy        : Secured DELETE /api/customers/1
2024-10-16T00:15:50.521+02:00 DEBUG 22532 --- [data-service] [    Test worker] s.w.s.m.m.a.RequestMappingHandlerMapping : Mapped to com.example.data_service.controller.CustomerController#deleteCustomer(Long)
2024-10-16T00:15:50.525+02:00 DEBUG 22532 --- [data-service] [    Test worker] o.s.w.s.m.m.a.HttpEntityMethodProcessor  : Using 'application/octet-stream', given [*/*] and supported [*/*]
2024-10-16T00:15:50.525+02:00 DEBUG 22532 --- [data-service] [    Test worker] w.c.HttpSessionSecurityContextRepository : Retrieved SecurityContextImpl [Authentication=UsernamePasswordAuthenticationToken [Principal=org.springframework.security.core.userdetails.User [Username=user, Password=[PROTECTED], Enabled=true, AccountNonExpired=true, CredentialsNonExpired=true, AccountNonLocked=true, Granted Authorities=[ROLE_USER]], Credentials=[PROTECTED], Authenticated=true, Details=null, Granted Authorities=[ROLE_USER]]]
2024-10-16T00:15:50.527+02:00  INFO 22532 --- [data-service] [    Test worker] c.e.d.c.CustomerControllerTests          : DeleteCustomer Response: 
2024-10-16T00:15:50.536+02:00 DEBUG 22532 --- [data-service] [    Test worker] w.c.HttpSessionSecurityContextRepository : Created HttpSession as SecurityContext is non-default
2024-10-16T00:15:50.536+02:00 DEBUG 22532 --- [data-service] [    Test worker] w.c.HttpSessionSecurityContextRepository : Stored SecurityContextImpl [Authentication=UsernamePasswordAuthenticationToken [Principal=org.springframework.security.core.userdetails.User [Username=user, Password=[PROTECTED], Enabled=true, AccountNonExpired=true, CredentialsNonExpired=true, AccountNonLocked=true, Granted Authorities=[ROLE_USER]], Credentials=[PROTECTED], Authenticated=true, Details=null, Granted Authorities=[ROLE_USER]]] to HttpSession [org.springframework.mock.web.MockHttpSession@4a89722e]
2024-10-16T00:15:50.537+02:00 DEBUG 22532 --- [data-service] [    Test worker] o.s.security.web.FilterChainProxy        : Securing DELETE /api/customers/1
2024-10-16T00:15:50.537+02:00 DEBUG 22532 --- [data-service] [    Test worker] o.s.security.web.FilterChainProxy        : Secured DELETE /api/customers/1
2024-10-16T00:15:50.538+02:00 DEBUG 22532 --- [data-service] [    Test worker] s.w.s.m.m.a.RequestMappingHandlerMapping : Mapped to com.example.data_service.controller.CustomerController#deleteCustomer(Long)
2024-10-16T00:15:50.538+02:00 DEBUG 22532 --- [data-service] [    Test worker] o.s.w.s.m.m.a.HttpEntityMethodProcessor  : Using 'application/octet-stream', given [*/*] and supported [*/*]
2024-10-16T00:15:50.539+02:00 DEBUG 22532 --- [data-service] [    Test worker] w.c.HttpSessionSecurityContextRepository : Retrieved SecurityContextImpl [Authentication=UsernamePasswordAuthenticationToken [Principal=org.springframework.security.core.userdetails.User [Username=user, Password=[PROTECTED], Enabled=true, AccountNonExpired=true, CredentialsNonExpired=true, AccountNonLocked=true, Granted Authorities=[ROLE_USER]], Credentials=[PROTECTED], Authenticated=true, Details=null, Granted Authorities=[ROLE_USER]]]
2024-10-16T00:15:50.539+02:00  INFO 22532 --- [data-service] [    Test worker] c.e.d.c.CustomerControllerTests          : DeleteCustomerNotFound Response: 
2024-10-16T00:15:50.549+02:00 DEBUG 22532 --- [data-service] [    Test worker] w.c.HttpSessionSecurityContextRepository : Created HttpSession as SecurityContext is non-default
2024-10-16T00:15:50.549+02:00 DEBUG 22532 --- [data-service] [    Test worker] w.c.HttpSessionSecurityContextRepository : Stored SecurityContextImpl [Authentication=UsernamePasswordAuthenticationToken [Principal=org.springframework.security.core.userdetails.User [Username=user, Password=[PROTECTED], Enabled=true, AccountNonExpired=true, CredentialsNonExpired=true, AccountNonLocked=true, Granted Authorities=[ROLE_USER]], Credentials=[PROTECTED], Authenticated=true, Details=null, Granted Authorities=[ROLE_USER]]] to HttpSession [org.springframework.mock.web.MockHttpSession@2116e9cf]
2024-10-16T00:15:50.550+02:00 DEBUG 22532 --- [data-service] [    Test worker] o.s.security.web.FilterChainProxy        : Securing PUT /api/customers/1
2024-10-16T00:15:50.550+02:00 DEBUG 22532 --- [data-service] [    Test worker] o.s.security.web.FilterChainProxy        : Secured PUT /api/customers/1
2024-10-16T00:15:50.551+02:00 DEBUG 22532 --- [data-service] [    Test worker] s.w.s.m.m.a.RequestMappingHandlerMapping : Mapped to com.example.data_service.controller.CustomerController#updateCustomer(Long, Customer)
2024-10-16T00:15:50.552+02:00 DEBUG 22532 --- [data-service] [    Test worker] m.m.a.RequestResponseBodyMethodProcessor : Read "application/json;charset=UTF-8" to [com.example.data_service.model.Customer@7a88e6a9]
2024-10-16T00:15:50.554+02:00 DEBUG 22532 --- [data-service] [    Test worker] o.s.w.s.m.m.a.HttpEntityMethodProcessor  : Using 'application/json', given [*/*] and supported [application/json, application/*+json]
2024-10-16T00:15:50.554+02:00 DEBUG 22532 --- [data-service] [    Test worker] o.s.w.s.m.m.a.HttpEntityMethodProcessor  : Nothing to write: null body
2024-10-16T00:15:50.555+02:00 DEBUG 22532 --- [data-service] [    Test worker] w.c.HttpSessionSecurityContextRepository : Retrieved SecurityContextImpl [Authentication=UsernamePasswordAuthenticationToken [Principal=org.springframework.security.core.userdetails.User [Username=user, Password=[PROTECTED], Enabled=true, AccountNonExpired=true, CredentialsNonExpired=true, AccountNonLocked=true, Granted Authorities=[ROLE_USER]], Credentials=[PROTECTED], Authenticated=true, Details=null, Granted Authorities=[ROLE_USER]]]
2024-10-16T00:15:50.557+02:00  INFO 22532 --- [data-service] [    Test worker] c.e.d.c.CustomerControllerTests          : UpdateCustomerNotFound Response: 
]]></system-out>
  <system-err><![CDATA[]]></system-err>
</testsuite>
