<?xml version="1.0" encoding="UTF-8"?>
<testsuite name="com.example.data_service.controller.CustomerControllerTests" tests="8" skipped="0" failures="0" errors="0" timestamp="2024-10-15T21:36:38" hostname="ALEXPC" time="0.584">
  <properties/>
  <testcase name="testGetCustomerById()" classname="com.example.data_service.controller.CustomerControllerTests" time="0.303"/>
  <testcase name="testGetCustomerByIdNotFound()" classname="com.example.data_service.controller.CustomerControllerTests" time="0.014"/>
  <testcase name="testGetAllCustomers()" classname="com.example.data_service.controller.CustomerControllerTests" time="0.024"/>
  <testcase name="testUpdateCustomer()" classname="com.example.data_service.controller.CustomerControllerTests" time="0.165"/>
  <testcase name="testCreateCustomer()" classname="com.example.data_service.controller.CustomerControllerTests" time="0.018"/>
  <testcase name="testDeleteCustomer()" classname="com.example.data_service.controller.CustomerControllerTests" time="0.017"/>
  <testcase name="testDeleteCustomerNotFound()" classname="com.example.data_service.controller.CustomerControllerTests" time="0.014"/>
  <testcase name="testUpdateCustomerNotFound()" classname="com.example.data_service.controller.CustomerControllerTests" time="0.011"/>
  <system-out><![CDATA[2024-10-15T23:36:36.992+02:00  INFO 23056 --- [data-service] [    Test worker] t.c.s.AnnotationConfigContextLoaderUtils : Could not detect default configuration classes for test class [com.example.data_service.controller.CustomerControllerTests]: CustomerControllerTests does not declare any static, non-private, non-final, nested classes annotated with @Configuration.
2024-10-15T23:36:37.031+02:00  INFO 23056 --- [data-service] [    Test worker] .b.t.c.SpringBootTestContextBootstrapper : Found @SpringBootConfiguration com.example.data_service.DataServiceApplication for test class com.example.data_service.controller.CustomerControllerTests

  .   ____          _            __ _ _
 /\\ / ___'_ __ _ _(_)_ __  __ _ \ \ \ \
( ( )\___ | '_ | '_| | '_ \/ _` | \ \ \ \
 \\/  ___)| |_)| | | | | || (_| |  ) ) ) )
  '  |____| .__|_| |_|_| |_\__, | / / / /
 =========|_|==============|___/=/_/_/_/

 :: Spring Boot ::                (v3.3.4)

2024-10-15T23:36:37.079+02:00  INFO 23056 --- [data-service] [    Test worker] c.e.d.c.CustomerControllerTests          : Starting CustomerControllerTests using Java 21.0.4 with PID 23056 (started by avuzi in C:\Users\avuzi\OneDrive\Desktop\backend_solo\mySolution\data-service)
2024-10-15T23:36:37.079+02:00 DEBUG 23056 --- [data-service] [    Test worker] c.e.d.c.CustomerControllerTests          : Running with Spring Boot v3.3.4, Spring v6.1.13
2024-10-15T23:36:37.080+02:00  INFO 23056 --- [data-service] [    Test worker] c.e.d.c.CustomerControllerTests          : No active profile set, falling back to 1 default profile: "default"
2024-10-15T23:36:37.082+02:00 DEBUG 23056 --- [data-service] [    Test worker] o.s.w.c.s.GenericWebApplicationContext   : Refreshing org.springframework.web.context.support.GenericWebApplicationContext@75381b61
2024-10-15T23:36:37.801+02:00  WARN 23056 --- [data-service] [    Test worker] .s.s.UserDetailsServiceAutoConfiguration : 

Using generated security password: 374a7547-1be7-4bb9-9a4f-242da9a2b632

This generated password is for development use only. Your security configuration must be updated before running your application in production.

2024-10-15T23:36:37.803+02:00  INFO 23056 --- [data-service] [    Test worker] r$InitializeUserDetailsManagerConfigurer : Global AuthenticationManager configured with UserDetailsService bean with name inMemoryUserDetailsManager
2024-10-15T23:36:37.824+02:00 DEBUG 23056 --- [data-service] [    Test worker] o.s.s.web.DefaultSecurityFilterChain     : Will secure any request with filters: DisableEncodeUrlFilter, WebAsyncManagerIntegrationFilter, SecurityContextHolderFilter, HeaderWriterFilter, LogoutFilter, RequestCacheAwareFilter, SecurityContextHolderAwareRequestFilter, AnonymousAuthenticationFilter, ExceptionTranslationFilter, AuthorizationFilter
2024-10-15T23:36:37.918+02:00 DEBUG 23056 --- [data-service] [    Test worker] s.w.s.m.m.a.RequestMappingHandlerMapping : 7 mappings in 'requestMappingHandlerMapping'
2024-10-15T23:36:38.003+02:00 DEBUG 23056 --- [data-service] [    Test worker] o.s.w.s.handler.SimpleUrlHandlerMapping  : Patterns [/webjars/**, /**] in 'resourceHandlerMapping'
2024-10-15T23:36:38.022+02:00 DEBUG 23056 --- [data-service] [    Test worker] s.w.s.m.m.a.RequestMappingHandlerAdapter : ControllerAdvice beans: 0 @ModelAttribute, 0 @InitBinder, 1 RequestBodyAdvice, 1 ResponseBodyAdvice
2024-10-15T23:36:38.027+02:00 DEBUG 23056 --- [data-service] [    Test worker] .m.m.a.ExceptionHandlerExceptionResolver : ControllerAdvice beans: 0 @ExceptionHandler, 1 ResponseBodyAdvice
2024-10-15T23:36:38.185+02:00  INFO 23056 --- [data-service] [    Test worker] o.s.b.t.m.w.SpringBootMockServletContext : Initializing Spring TestDispatcherServlet ''
2024-10-15T23:36:38.185+02:00  INFO 23056 --- [data-service] [    Test worker] o.s.t.web.servlet.TestDispatcherServlet  : Initializing Servlet ''
2024-10-15T23:36:38.187+02:00  INFO 23056 --- [data-service] [    Test worker] o.s.t.web.servlet.TestDispatcherServlet  : Completed initialization in 2 ms
2024-10-15T23:36:38.211+02:00  INFO 23056 --- [data-service] [    Test worker] c.e.d.c.CustomerControllerTests          : Started CustomerControllerTests in 1.174 seconds (process running for 12.309)
2024-10-15T23:36:38.290+02:00 DEBUG 23056 --- [data-service] [    Test worker] w.c.HttpSessionSecurityContextRepository : Created HttpSession as SecurityContext is non-default
2024-10-15T23:36:38.292+02:00 DEBUG 23056 --- [data-service] [    Test worker] w.c.HttpSessionSecurityContextRepository : Stored SecurityContextImpl [Authentication=UsernamePasswordAuthenticationToken [Principal=org.springframework.security.core.userdetails.User [Username=user, Password=[PROTECTED], Enabled=true, AccountNonExpired=true, CredentialsNonExpired=true, AccountNonLocked=true, Granted Authorities=[ROLE_USER]], Credentials=[PROTECTED], Authenticated=true, Details=null, Granted Authorities=[ROLE_USER]]] to HttpSession [org.springframework.mock.web.MockHttpSession@5d5b07e9]
2024-10-15T23:36:38.329+02:00 DEBUG 23056 --- [data-service] [    Test worker] o.s.security.web.FilterChainProxy        : Securing GET /api/customers/1
2024-10-15T23:36:38.343+02:00 DEBUG 23056 --- [data-service] [    Test worker] o.s.security.web.FilterChainProxy        : Secured GET /api/customers/1
2024-10-15T23:36:38.350+02:00 DEBUG 23056 --- [data-service] [    Test worker] s.w.s.m.m.a.RequestMappingHandlerMapping : Mapped to com.example.data_service.controller.CustomerController#getCustomerById(Long)
2024-10-15T23:36:38.463+02:00 DEBUG 23056 --- [data-service] [    Test worker] o.s.w.s.m.m.a.HttpEntityMethodProcessor  : Using 'application/json', given [*/*] and supported [application/json, application/*+json]
2024-10-15T23:36:38.466+02:00 DEBUG 23056 --- [data-service] [    Test worker] o.s.w.s.m.m.a.HttpEntityMethodProcessor  : Writing [com.example.data_service.model.Customer@35abfeba]
2024-10-15T23:36:38.503+02:00 DEBUG 23056 --- [data-service] [    Test worker] w.c.HttpSessionSecurityContextRepository : Retrieved SecurityContextImpl [Authentication=UsernamePasswordAuthenticationToken [Principal=org.springframework.security.core.userdetails.User [Username=user, Password=[PROTECTED], Enabled=true, AccountNonExpired=true, CredentialsNonExpired=true, AccountNonLocked=true, Granted Authorities=[ROLE_USER]], Credentials=[PROTECTED], Authenticated=true, Details=null, Granted Authorities=[ROLE_USER]]]
2024-10-15T23:36:38.523+02:00  INFO 23056 --- [data-service] [    Test worker] c.e.d.c.CustomerControllerTests          : GetCustomerById Response: {"id":1,"name":"John Doe","email":"john@example.com"}
2024-10-15T23:36:38.535+02:00 DEBUG 23056 --- [data-service] [    Test worker] w.c.HttpSessionSecurityContextRepository : Created HttpSession as SecurityContext is non-default
2024-10-15T23:36:38.536+02:00 DEBUG 23056 --- [data-service] [    Test worker] w.c.HttpSessionSecurityContextRepository : Stored SecurityContextImpl [Authentication=UsernamePasswordAuthenticationToken [Principal=org.springframework.security.core.userdetails.User [Username=user, Password=[PROTECTED], Enabled=true, AccountNonExpired=true, CredentialsNonExpired=true, AccountNonLocked=true, Granted Authorities=[ROLE_USER]], Credentials=[PROTECTED], Authenticated=true, Details=null, Granted Authorities=[ROLE_USER]]] to HttpSession [org.springframework.mock.web.MockHttpSession@74f1e112]
2024-10-15T23:36:38.537+02:00 DEBUG 23056 --- [data-service] [    Test worker] o.s.security.web.FilterChainProxy        : Securing GET /api/customers/1
2024-10-15T23:36:38.537+02:00 DEBUG 23056 --- [data-service] [    Test worker] o.s.security.web.FilterChainProxy        : Secured GET /api/customers/1
2024-10-15T23:36:38.538+02:00 DEBUG 23056 --- [data-service] [    Test worker] s.w.s.m.m.a.RequestMappingHandlerMapping : Mapped to com.example.data_service.controller.CustomerController#getCustomerById(Long)
2024-10-15T23:36:38.539+02:00 DEBUG 23056 --- [data-service] [    Test worker] o.s.w.s.m.m.a.HttpEntityMethodProcessor  : Using 'application/json', given [*/*] and supported [application/json, application/*+json]
2024-10-15T23:36:38.539+02:00 DEBUG 23056 --- [data-service] [    Test worker] o.s.w.s.m.m.a.HttpEntityMethodProcessor  : Nothing to write: null body
2024-10-15T23:36:38.540+02:00 DEBUG 23056 --- [data-service] [    Test worker] w.c.HttpSessionSecurityContextRepository : Retrieved SecurityContextImpl [Authentication=UsernamePasswordAuthenticationToken [Principal=org.springframework.security.core.userdetails.User [Username=user, Password=[PROTECTED], Enabled=true, AccountNonExpired=true, CredentialsNonExpired=true, AccountNonLocked=true, Granted Authorities=[ROLE_USER]], Credentials=[PROTECTED], Authenticated=true, Details=null, Granted Authorities=[ROLE_USER]]]
2024-10-15T23:36:38.542+02:00  INFO 23056 --- [data-service] [    Test worker] c.e.d.c.CustomerControllerTests          : GetCustomerByIdNotFound Response: 
2024-10-15T23:36:38.552+02:00 DEBUG 23056 --- [data-service] [    Test worker] w.c.HttpSessionSecurityContextRepository : Created HttpSession as SecurityContext is non-default
2024-10-15T23:36:38.553+02:00 DEBUG 23056 --- [data-service] [    Test worker] w.c.HttpSessionSecurityContextRepository : Stored SecurityContextImpl [Authentication=UsernamePasswordAuthenticationToken [Principal=org.springframework.security.core.userdetails.User [Username=user, Password=[PROTECTED], Enabled=true, AccountNonExpired=true, CredentialsNonExpired=true, AccountNonLocked=true, Granted Authorities=[ROLE_USER]], Credentials=[PROTECTED], Authenticated=true, Details=null, Granted Authorities=[ROLE_USER]]] to HttpSession [org.springframework.mock.web.MockHttpSession@446dbf7b]
2024-10-15T23:36:38.553+02:00 DEBUG 23056 --- [data-service] [    Test worker] o.s.security.web.FilterChainProxy        : Securing GET /api/customers
2024-10-15T23:36:38.554+02:00 DEBUG 23056 --- [data-service] [    Test worker] o.s.security.web.FilterChainProxy        : Secured GET /api/customers
2024-10-15T23:36:38.554+02:00 DEBUG 23056 --- [data-service] [    Test worker] s.w.s.m.m.a.RequestMappingHandlerMapping : Mapped to com.example.data_service.controller.CustomerController#getAllCustomers()
2024-10-15T23:36:38.560+02:00 DEBUG 23056 --- [data-service] [    Test worker] m.m.a.RequestResponseBodyMethodProcessor : Using 'application/json', given [*/*] and supported [application/json, application/*+json]
2024-10-15T23:36:38.560+02:00 DEBUG 23056 --- [data-service] [    Test worker] m.m.a.RequestResponseBodyMethodProcessor : Writing [[com.example.data_service.model.Customer@64230d44, com.example.data_service.model.Customer@1ff584d7]]
2024-10-15T23:36:38.565+02:00 DEBUG 23056 --- [data-service] [    Test worker] w.c.HttpSessionSecurityContextRepository : Retrieved SecurityContextImpl [Authentication=UsernamePasswordAuthenticationToken [Principal=org.springframework.security.core.userdetails.User [Username=user, Password=[PROTECTED], Enabled=true, AccountNonExpired=true, CredentialsNonExpired=true, AccountNonLocked=true, Granted Authorities=[ROLE_USER]], Credentials=[PROTECTED], Authenticated=true, Details=null, Granted Authorities=[ROLE_USER]]]
2024-10-15T23:36:38.567+02:00  INFO 23056 --- [data-service] [    Test worker] c.e.d.c.CustomerControllerTests          : GetAllCustomers Response: [{"id":null,"name":"John Doe","email":"john@example.com"},{"id":null,"name":"Jane Doe","email":"jane@example.com"}]
2024-10-15T23:36:38.584+02:00 DEBUG 23056 --- [data-service] [    Test worker] w.c.HttpSessionSecurityContextRepository : Created HttpSession as SecurityContext is non-default
2024-10-15T23:36:38.585+02:00 DEBUG 23056 --- [data-service] [    Test worker] w.c.HttpSessionSecurityContextRepository : Stored SecurityContextImpl [Authentication=UsernamePasswordAuthenticationToken [Principal=org.springframework.security.core.userdetails.User [Username=user, Password=[PROTECTED], Enabled=true, AccountNonExpired=true, CredentialsNonExpired=true, AccountNonLocked=true, Granted Authorities=[ROLE_USER]], Credentials=[PROTECTED], Authenticated=true, Details=null, Granted Authorities=[ROLE_USER]]] to HttpSession [org.springframework.mock.web.MockHttpSession@4e1ffe54]
2024-10-15T23:36:38.586+02:00 DEBUG 23056 --- [data-service] [    Test worker] o.s.security.web.FilterChainProxy        : Securing PUT /api/customers/1
2024-10-15T23:36:38.586+02:00 DEBUG 23056 --- [data-service] [    Test worker] o.s.security.web.FilterChainProxy        : Secured PUT /api/customers/1
2024-10-15T23:36:38.587+02:00 DEBUG 23056 --- [data-service] [    Test worker] s.w.s.m.m.a.RequestMappingHandlerMapping : Mapped to com.example.data_service.controller.CustomerController#updateCustomer(Long, Customer)
2024-10-15T23:36:38.649+02:00 DEBUG 23056 --- [data-service] [    Test worker] m.m.a.RequestResponseBodyMethodProcessor : Read "application/json;charset=UTF-8" to [com.example.data_service.model.Customer@17e96b3c]
2024-10-15T23:36:38.732+02:00 DEBUG 23056 --- [data-service] [    Test worker] o.s.w.s.m.m.a.HttpEntityMethodProcessor  : Using 'application/json', given [*/*] and supported [application/json, application/*+json]
2024-10-15T23:36:38.733+02:00 DEBUG 23056 --- [data-service] [    Test worker] o.s.w.s.m.m.a.HttpEntityMethodProcessor  : Writing [com.example.data_service.model.Customer@3b4a77be]
2024-10-15T23:36:38.735+02:00 DEBUG 23056 --- [data-service] [    Test worker] w.c.HttpSessionSecurityContextRepository : Retrieved SecurityContextImpl [Authentication=UsernamePasswordAuthenticationToken [Principal=org.springframework.security.core.userdetails.User [Username=user, Password=[PROTECTED], Enabled=true, AccountNonExpired=true, CredentialsNonExpired=true, AccountNonLocked=true, Granted Authorities=[ROLE_USER]], Credentials=[PROTECTED], Authenticated=true, Details=null, Granted Authorities=[ROLE_USER]]]
2024-10-15T23:36:38.736+02:00  INFO 23056 --- [data-service] [    Test worker] c.e.d.c.CustomerControllerTests          : UpdateCustomer Response: {"id":1,"name":"John Updated","email":"johnupdated@example.com"}
2024-10-15T23:36:38.746+02:00 DEBUG 23056 --- [data-service] [    Test worker] w.c.HttpSessionSecurityContextRepository : Created HttpSession as SecurityContext is non-default
2024-10-15T23:36:38.746+02:00 DEBUG 23056 --- [data-service] [    Test worker] w.c.HttpSessionSecurityContextRepository : Stored SecurityContextImpl [Authentication=UsernamePasswordAuthenticationToken [Principal=org.springframework.security.core.userdetails.User [Username=user, Password=[PROTECTED], Enabled=true, AccountNonExpired=true, CredentialsNonExpired=true, AccountNonLocked=true, Granted Authorities=[ROLE_USER]], Credentials=[PROTECTED], Authenticated=true, Details=null, Granted Authorities=[ROLE_USER]]] to HttpSession [org.springframework.mock.web.MockHttpSession@53628ff6]
2024-10-15T23:36:38.747+02:00 DEBUG 23056 --- [data-service] [    Test worker] o.s.security.web.FilterChainProxy        : Securing POST /api/customers
2024-10-15T23:36:38.747+02:00 DEBUG 23056 --- [data-service] [    Test worker] o.s.security.web.FilterChainProxy        : Secured POST /api/customers
2024-10-15T23:36:38.748+02:00 DEBUG 23056 --- [data-service] [    Test worker] s.w.s.m.m.a.RequestMappingHandlerMapping : Mapped to com.example.data_service.controller.CustomerController#createCustomer(Customer)
2024-10-15T23:36:38.752+02:00 DEBUG 23056 --- [data-service] [    Test worker] m.m.a.RequestResponseBodyMethodProcessor : Read "application/json;charset=UTF-8" to [com.example.data_service.model.Customer@5f0c04d2]
2024-10-15T23:36:38.753+02:00 DEBUG 23056 --- [data-service] [    Test worker] o.s.w.s.m.m.a.HttpEntityMethodProcessor  : Using 'application/json', given [*/*] and supported [application/json, application/*+json]
2024-10-15T23:36:38.754+02:00 DEBUG 23056 --- [data-service] [    Test worker] o.s.w.s.m.m.a.HttpEntityMethodProcessor  : Writing [com.example.data_service.model.Customer@4ff1f872]
2024-10-15T23:36:38.755+02:00 DEBUG 23056 --- [data-service] [    Test worker] w.c.HttpSessionSecurityContextRepository : Retrieved SecurityContextImpl [Authentication=UsernamePasswordAuthenticationToken [Principal=org.springframework.security.core.userdetails.User [Username=user, Password=[PROTECTED], Enabled=true, AccountNonExpired=true, CredentialsNonExpired=true, AccountNonLocked=true, Granted Authorities=[ROLE_USER]], Credentials=[PROTECTED], Authenticated=true, Details=null, Granted Authorities=[ROLE_USER]]]
2024-10-15T23:36:38.757+02:00  INFO 23056 --- [data-service] [    Test worker] c.e.d.c.CustomerControllerTests          : CreateCustomer Response: {"id":null,"name":"John Doe","email":"john@example.com"}
2024-10-15T23:36:38.767+02:00 DEBUG 23056 --- [data-service] [    Test worker] w.c.HttpSessionSecurityContextRepository : Created HttpSession as SecurityContext is non-default
2024-10-15T23:36:38.767+02:00 DEBUG 23056 --- [data-service] [    Test worker] w.c.HttpSessionSecurityContextRepository : Stored SecurityContextImpl [Authentication=UsernamePasswordAuthenticationToken [Principal=org.springframework.security.core.userdetails.User [Username=user, Password=[PROTECTED], Enabled=true, AccountNonExpired=true, CredentialsNonExpired=true, AccountNonLocked=true, Granted Authorities=[ROLE_USER]], Credentials=[PROTECTED], Authenticated=true, Details=null, Granted Authorities=[ROLE_USER]]] to HttpSession [org.springframework.mock.web.MockHttpSession@12e5f7cb]
2024-10-15T23:36:38.768+02:00 DEBUG 23056 --- [data-service] [    Test worker] o.s.security.web.FilterChainProxy        : Securing DELETE /api/customers/1
2024-10-15T23:36:38.769+02:00 DEBUG 23056 --- [data-service] [    Test worker] o.s.security.web.FilterChainProxy        : Secured DELETE /api/customers/1
2024-10-15T23:36:38.769+02:00 DEBUG 23056 --- [data-service] [    Test worker] s.w.s.m.m.a.RequestMappingHandlerMapping : Mapped to com.example.data_service.controller.CustomerController#deleteCustomer(Long)
2024-10-15T23:36:38.773+02:00 DEBUG 23056 --- [data-service] [    Test worker] o.s.w.s.m.m.a.HttpEntityMethodProcessor  : Using 'application/octet-stream', given [*/*] and supported [*/*]
2024-10-15T23:36:38.773+02:00 DEBUG 23056 --- [data-service] [    Test worker] w.c.HttpSessionSecurityContextRepository : Retrieved SecurityContextImpl [Authentication=UsernamePasswordAuthenticationToken [Principal=org.springframework.security.core.userdetails.User [Username=user, Password=[PROTECTED], Enabled=true, AccountNonExpired=true, CredentialsNonExpired=true, AccountNonLocked=true, Granted Authorities=[ROLE_USER]], Credentials=[PROTECTED], Authenticated=true, Details=null, Granted Authorities=[ROLE_USER]]]
2024-10-15T23:36:38.776+02:00  INFO 23056 --- [data-service] [    Test worker] c.e.d.c.CustomerControllerTests          : DeleteCustomer Response: 
2024-10-15T23:36:38.787+02:00 DEBUG 23056 --- [data-service] [    Test worker] w.c.HttpSessionSecurityContextRepository : Created HttpSession as SecurityContext is non-default
2024-10-15T23:36:38.787+02:00 DEBUG 23056 --- [data-service] [    Test worker] w.c.HttpSessionSecurityContextRepository : Stored SecurityContextImpl [Authentication=UsernamePasswordAuthenticationToken [Principal=org.springframework.security.core.userdetails.User [Username=user, Password=[PROTECTED], Enabled=true, AccountNonExpired=true, CredentialsNonExpired=true, AccountNonLocked=true, Granted Authorities=[ROLE_USER]], Credentials=[PROTECTED], Authenticated=true, Details=null, Granted Authorities=[ROLE_USER]]] to HttpSession [org.springframework.mock.web.MockHttpSession@167da81d]
2024-10-15T23:36:38.788+02:00 DEBUG 23056 --- [data-service] [    Test worker] o.s.security.web.FilterChainProxy        : Securing DELETE /api/customers/1
2024-10-15T23:36:38.788+02:00 DEBUG 23056 --- [data-service] [    Test worker] o.s.security.web.FilterChainProxy        : Secured DELETE /api/customers/1
2024-10-15T23:36:38.789+02:00 DEBUG 23056 --- [data-service] [    Test worker] s.w.s.m.m.a.RequestMappingHandlerMapping : Mapped to com.example.data_service.controller.CustomerController#deleteCustomer(Long)
2024-10-15T23:36:38.791+02:00 DEBUG 23056 --- [data-service] [    Test worker] o.s.w.s.m.m.a.HttpEntityMethodProcessor  : Using 'application/octet-stream', given [*/*] and supported [*/*]
2024-10-15T23:36:38.791+02:00 DEBUG 23056 --- [data-service] [    Test worker] w.c.HttpSessionSecurityContextRepository : Retrieved SecurityContextImpl [Authentication=UsernamePasswordAuthenticationToken [Principal=org.springframework.security.core.userdetails.User [Username=user, Password=[PROTECTED], Enabled=true, AccountNonExpired=true, CredentialsNonExpired=true, AccountNonLocked=true, Granted Authorities=[ROLE_USER]], Credentials=[PROTECTED], Authenticated=true, Details=null, Granted Authorities=[ROLE_USER]]]
2024-10-15T23:36:38.792+02:00  INFO 23056 --- [data-service] [    Test worker] c.e.d.c.CustomerControllerTests          : DeleteCustomerNotFound Response: 
2024-10-15T23:36:38.801+02:00 DEBUG 23056 --- [data-service] [    Test worker] w.c.HttpSessionSecurityContextRepository : Created HttpSession as SecurityContext is non-default
2024-10-15T23:36:38.801+02:00 DEBUG 23056 --- [data-service] [    Test worker] w.c.HttpSessionSecurityContextRepository : Stored SecurityContextImpl [Authentication=UsernamePasswordAuthenticationToken [Principal=org.springframework.security.core.userdetails.User [Username=user, Password=[PROTECTED], Enabled=true, AccountNonExpired=true, CredentialsNonExpired=true, AccountNonLocked=true, Granted Authorities=[ROLE_USER]], Credentials=[PROTECTED], Authenticated=true, Details=null, Granted Authorities=[ROLE_USER]]] to HttpSession [org.springframework.mock.web.MockHttpSession@1fce17b8]
2024-10-15T23:36:38.801+02:00 DEBUG 23056 --- [data-service] [    Test worker] o.s.security.web.FilterChainProxy        : Securing PUT /api/customers/1
2024-10-15T23:36:38.802+02:00 DEBUG 23056 --- [data-service] [    Test worker] o.s.security.web.FilterChainProxy        : Secured PUT /api/customers/1
2024-10-15T23:36:38.802+02:00 DEBUG 23056 --- [data-service] [    Test worker] s.w.s.m.m.a.RequestMappingHandlerMapping : Mapped to com.example.data_service.controller.CustomerController#updateCustomer(Long, Customer)
2024-10-15T23:36:38.803+02:00 DEBUG 23056 --- [data-service] [    Test worker] m.m.a.RequestResponseBodyMethodProcessor : Read "application/json;charset=UTF-8" to [com.example.data_service.model.Customer@190677c6]
2024-10-15T23:36:38.804+02:00 DEBUG 23056 --- [data-service] [    Test worker] o.s.w.s.m.m.a.HttpEntityMethodProcessor  : Using 'application/json', given [*/*] and supported [application/json, application/*+json]
2024-10-15T23:36:38.804+02:00 DEBUG 23056 --- [data-service] [    Test worker] o.s.w.s.m.m.a.HttpEntityMethodProcessor  : Nothing to write: null body
2024-10-15T23:36:38.804+02:00 DEBUG 23056 --- [data-service] [    Test worker] w.c.HttpSessionSecurityContextRepository : Retrieved SecurityContextImpl [Authentication=UsernamePasswordAuthenticationToken [Principal=org.springframework.security.core.userdetails.User [Username=user, Password=[PROTECTED], Enabled=true, AccountNonExpired=true, CredentialsNonExpired=true, AccountNonLocked=true, Granted Authorities=[ROLE_USER]], Credentials=[PROTECTED], Authenticated=true, Details=null, Granted Authorities=[ROLE_USER]]]
2024-10-15T23:36:38.806+02:00  INFO 23056 --- [data-service] [    Test worker] c.e.d.c.CustomerControllerTests          : UpdateCustomerNotFound Response: 
]]></system-out>
  <system-err><![CDATA[]]></system-err>
</testsuite>
