<?xml version="1.0" encoding="UTF-8"?>
<testsuite name="com.example.data_service.controller.CustomerControllerTests" tests="8" skipped="0" failures="0" errors="0" timestamp="2024-10-16T13:39:29" hostname="ALEXPC" time="0.867">
  <properties/>
  <testcase name="testGetCustomerById()" classname="com.example.data_service.controller.CustomerControllerTests" time="0.491"/>
  <testcase name="testGetCustomerByIdNotFound()" classname="com.example.data_service.controller.CustomerControllerTests" time="0.021"/>
  <testcase name="testGetAllCustomers()" classname="com.example.data_service.controller.CustomerControllerTests" time="0.028"/>
  <testcase name="testUpdateCustomer()" classname="com.example.data_service.controller.CustomerControllerTests" time="0.21"/>
  <testcase name="testCreateCustomer()" classname="com.example.data_service.controller.CustomerControllerTests" time="0.029"/>
  <testcase name="testDeleteCustomer()" classname="com.example.data_service.controller.CustomerControllerTests" time="0.022"/>
  <testcase name="testDeleteCustomerNotFound()" classname="com.example.data_service.controller.CustomerControllerTests" time="0.018"/>
  <testcase name="testUpdateCustomerNotFound()" classname="com.example.data_service.controller.CustomerControllerTests" time="0.021"/>
  <system-out><![CDATA[2024-10-16T15:39:27.733+02:00  INFO 19200 --- [data-service] [    Test worker] t.c.s.AnnotationConfigContextLoaderUtils : Could not detect default configuration classes for test class [com.example.data_service.controller.CustomerControllerTests]: CustomerControllerTests does not declare any static, non-private, non-final, nested classes annotated with @Configuration.
2024-10-16T15:39:27.814+02:00  INFO 19200 --- [data-service] [    Test worker] .b.t.c.SpringBootTestContextBootstrapper : Found @SpringBootConfiguration com.example.data_service.DataServiceApplication for test class com.example.data_service.controller.CustomerControllerTests

  .   ____          _            __ _ _
 /\\ / ___'_ __ _ _(_)_ __  __ _ \ \ \ \
( ( )\___ | '_ | '_| | '_ \/ _` | \ \ \ \
 \\/  ___)| |_)| | | | | || (_| |  ) ) ) )
  '  |____| .__|_| |_|_| |_\__, | / / / /
 =========|_|==============|___/=/_/_/_/

 :: Spring Boot ::                (v3.3.4)

2024-10-16T15:39:27.881+02:00  INFO 19200 --- [data-service] [    Test worker] c.e.d.c.CustomerControllerTests          : Starting CustomerControllerTests using Java 21.0.4 with PID 19200 (started by avuzi in C:\Users\avuzi\OneDrive\Desktop\backend_solo\mySolution\data-service)
2024-10-16T15:39:27.882+02:00 DEBUG 19200 --- [data-service] [    Test worker] c.e.d.c.CustomerControllerTests          : Running with Spring Boot v3.3.4, Spring v6.1.13
2024-10-16T15:39:27.882+02:00  INFO 19200 --- [data-service] [    Test worker] c.e.d.c.CustomerControllerTests          : No active profile set, falling back to 1 default profile: "default"
2024-10-16T15:39:27.889+02:00 DEBUG 19200 --- [data-service] [    Test worker] o.s.w.c.s.GenericWebApplicationContext   : Refreshing org.springframework.web.context.support.GenericWebApplicationContext@7bbab46e
2024-10-16T15:39:28.876+02:00  WARN 19200 --- [data-service] [    Test worker] .s.s.UserDetailsServiceAutoConfiguration : 

Using generated security password: 02eb1009-65b5-441b-95b0-4d340888f5ed

This generated password is for development use only. Your security configuration must be updated before running your application in production.

2024-10-16T15:39:28.881+02:00  INFO 19200 --- [data-service] [    Test worker] r$InitializeUserDetailsManagerConfigurer : Global AuthenticationManager configured with UserDetailsService bean with name inMemoryUserDetailsManager
2024-10-16T15:39:28.917+02:00 DEBUG 19200 --- [data-service] [    Test worker] o.s.s.web.DefaultSecurityFilterChain     : Will secure any request with filters: DisableEncodeUrlFilter, WebAsyncManagerIntegrationFilter, SecurityContextHolderFilter, HeaderWriterFilter, LogoutFilter, RequestCacheAwareFilter, SecurityContextHolderAwareRequestFilter, AnonymousAuthenticationFilter, ExceptionTranslationFilter, AuthorizationFilter
2024-10-16T15:39:29.056+02:00 DEBUG 19200 --- [data-service] [    Test worker] s.w.s.m.m.a.RequestMappingHandlerMapping : 8 mappings in 'requestMappingHandlerMapping'
2024-10-16T15:39:29.148+02:00 DEBUG 19200 --- [data-service] [    Test worker] o.s.w.s.handler.SimpleUrlHandlerMapping  : Patterns [/webjars/**, /**] in 'resourceHandlerMapping'
2024-10-16T15:39:29.168+02:00 DEBUG 19200 --- [data-service] [    Test worker] s.w.s.m.m.a.RequestMappingHandlerAdapter : ControllerAdvice beans: 0 @ModelAttribute, 0 @InitBinder, 1 RequestBodyAdvice, 1 ResponseBodyAdvice
2024-10-16T15:39:29.177+02:00 DEBUG 19200 --- [data-service] [    Test worker] .m.m.a.ExceptionHandlerExceptionResolver : ControllerAdvice beans: 0 @ExceptionHandler, 1 ResponseBodyAdvice
2024-10-16T15:39:29.327+02:00  INFO 19200 --- [data-service] [    Test worker] o.s.b.t.m.w.SpringBootMockServletContext : Initializing Spring TestDispatcherServlet ''
2024-10-16T15:39:29.328+02:00  INFO 19200 --- [data-service] [    Test worker] o.s.t.web.servlet.TestDispatcherServlet  : Initializing Servlet ''
2024-10-16T15:39:29.336+02:00  INFO 19200 --- [data-service] [    Test worker] o.s.t.web.servlet.TestDispatcherServlet  : Completed initialization in 8 ms
2024-10-16T15:39:29.368+02:00  INFO 19200 --- [data-service] [    Test worker] c.e.d.c.CustomerControllerTests          : Started CustomerControllerTests in 1.544 seconds (process running for 12.038)
2024-10-16T15:39:29.509+02:00 DEBUG 19200 --- [data-service] [    Test worker] w.c.HttpSessionSecurityContextRepository : Created HttpSession as SecurityContext is non-default
2024-10-16T15:39:29.511+02:00 DEBUG 19200 --- [data-service] [    Test worker] w.c.HttpSessionSecurityContextRepository : Stored SecurityContextImpl [Authentication=UsernamePasswordAuthenticationToken [Principal=org.springframework.security.core.userdetails.User [Username=user, Password=[PROTECTED], Enabled=true, AccountNonExpired=true, CredentialsNonExpired=true, AccountNonLocked=true, Granted Authorities=[ROLE_USER]], Credentials=[PROTECTED], Authenticated=true, Details=null, Granted Authorities=[ROLE_USER]]] to HttpSession [org.springframework.mock.web.MockHttpSession@5f6ae1d]
2024-10-16T15:39:29.553+02:00 DEBUG 19200 --- [data-service] [    Test worker] o.s.security.web.FilterChainProxy        : Securing GET /api/customers/1
2024-10-16T15:39:29.607+02:00 DEBUG 19200 --- [data-service] [    Test worker] o.s.security.web.FilterChainProxy        : Secured GET /api/customers/1
2024-10-16T15:39:29.623+02:00 DEBUG 19200 --- [data-service] [    Test worker] s.w.s.m.m.a.RequestMappingHandlerMapping : Mapped to com.example.data_service.controller.CustomerController#getCustomerById(Long)
2024-10-16T15:39:29.804+02:00 DEBUG 19200 --- [data-service] [    Test worker] o.s.w.s.m.m.a.HttpEntityMethodProcessor  : Using 'application/json', given [*/*] and supported [application/json, application/*+json]
2024-10-16T15:39:29.808+02:00 DEBUG 19200 --- [data-service] [    Test worker] o.s.w.s.m.m.a.HttpEntityMethodProcessor  : Writing [com.example.data_service.model.Customer@4c683777]
2024-10-16T15:39:29.845+02:00 DEBUG 19200 --- [data-service] [    Test worker] w.c.HttpSessionSecurityContextRepository : Retrieved SecurityContextImpl [Authentication=UsernamePasswordAuthenticationToken [Principal=org.springframework.security.core.userdetails.User [Username=user, Password=[PROTECTED], Enabled=true, AccountNonExpired=true, CredentialsNonExpired=true, AccountNonLocked=true, Granted Authorities=[ROLE_USER]], Credentials=[PROTECTED], Authenticated=true, Details=null, Granted Authorities=[ROLE_USER]]]
2024-10-16T15:39:29.872+02:00  INFO 19200 --- [data-service] [    Test worker] c.e.d.c.CustomerControllerTests          : GetCustomerById Response: {"id":1,"name":"John Doe","email":"john@example.com"}
2024-10-16T15:39:29.888+02:00 DEBUG 19200 --- [data-service] [    Test worker] w.c.HttpSessionSecurityContextRepository : Created HttpSession as SecurityContext is non-default
2024-10-16T15:39:29.888+02:00 DEBUG 19200 --- [data-service] [    Test worker] w.c.HttpSessionSecurityContextRepository : Stored SecurityContextImpl [Authentication=UsernamePasswordAuthenticationToken [Principal=org.springframework.security.core.userdetails.User [Username=user, Password=[PROTECTED], Enabled=true, AccountNonExpired=true, CredentialsNonExpired=true, AccountNonLocked=true, Granted Authorities=[ROLE_USER]], Credentials=[PROTECTED], Authenticated=true, Details=null, Granted Authorities=[ROLE_USER]]] to HttpSession [org.springframework.mock.web.MockHttpSession@720cbb7d]
2024-10-16T15:39:29.891+02:00 DEBUG 19200 --- [data-service] [    Test worker] o.s.security.web.FilterChainProxy        : Securing GET /api/customers/1
2024-10-16T15:39:29.893+02:00 DEBUG 19200 --- [data-service] [    Test worker] o.s.security.web.FilterChainProxy        : Secured GET /api/customers/1
2024-10-16T15:39:29.894+02:00 DEBUG 19200 --- [data-service] [    Test worker] s.w.s.m.m.a.RequestMappingHandlerMapping : Mapped to com.example.data_service.controller.CustomerController#getCustomerById(Long)
2024-10-16T15:39:29.896+02:00 DEBUG 19200 --- [data-service] [    Test worker] o.s.w.s.m.m.a.HttpEntityMethodProcessor  : Using 'application/json', given [*/*] and supported [application/json, application/*+json]
2024-10-16T15:39:29.896+02:00 DEBUG 19200 --- [data-service] [    Test worker] o.s.w.s.m.m.a.HttpEntityMethodProcessor  : Nothing to write: null body
2024-10-16T15:39:29.897+02:00 DEBUG 19200 --- [data-service] [    Test worker] w.c.HttpSessionSecurityContextRepository : Retrieved SecurityContextImpl [Authentication=UsernamePasswordAuthenticationToken [Principal=org.springframework.security.core.userdetails.User [Username=user, Password=[PROTECTED], Enabled=true, AccountNonExpired=true, CredentialsNonExpired=true, AccountNonLocked=true, Granted Authorities=[ROLE_USER]], Credentials=[PROTECTED], Authenticated=true, Details=null, Granted Authorities=[ROLE_USER]]]
2024-10-16T15:39:29.899+02:00  INFO 19200 --- [data-service] [    Test worker] c.e.d.c.CustomerControllerTests          : GetCustomerByIdNotFound Response: 
2024-10-16T15:39:29.913+02:00 DEBUG 19200 --- [data-service] [    Test worker] w.c.HttpSessionSecurityContextRepository : Created HttpSession as SecurityContext is non-default
2024-10-16T15:39:29.914+02:00 DEBUG 19200 --- [data-service] [    Test worker] w.c.HttpSessionSecurityContextRepository : Stored SecurityContextImpl [Authentication=UsernamePasswordAuthenticationToken [Principal=org.springframework.security.core.userdetails.User [Username=user, Password=[PROTECTED], Enabled=true, AccountNonExpired=true, CredentialsNonExpired=true, AccountNonLocked=true, Granted Authorities=[ROLE_USER]], Credentials=[PROTECTED], Authenticated=true, Details=null, Granted Authorities=[ROLE_USER]]] to HttpSession [org.springframework.mock.web.MockHttpSession@3a72160a]
2024-10-16T15:39:29.915+02:00 DEBUG 19200 --- [data-service] [    Test worker] o.s.security.web.FilterChainProxy        : Securing GET /api/customers
2024-10-16T15:39:29.916+02:00 DEBUG 19200 --- [data-service] [    Test worker] o.s.security.web.FilterChainProxy        : Secured GET /api/customers
2024-10-16T15:39:29.917+02:00 DEBUG 19200 --- [data-service] [    Test worker] s.w.s.m.m.a.RequestMappingHandlerMapping : Mapped to com.example.data_service.controller.CustomerController#getAllCustomers()
2024-10-16T15:39:29.923+02:00 DEBUG 19200 --- [data-service] [    Test worker] m.m.a.RequestResponseBodyMethodProcessor : Using 'application/json', given [*/*] and supported [application/json, application/*+json]
2024-10-16T15:39:29.923+02:00 DEBUG 19200 --- [data-service] [    Test worker] m.m.a.RequestResponseBodyMethodProcessor : Writing [[com.example.data_service.model.Customer@2abe5132, com.example.data_service.model.Customer@12fbc568]]
2024-10-16T15:39:29.928+02:00 DEBUG 19200 --- [data-service] [    Test worker] w.c.HttpSessionSecurityContextRepository : Retrieved SecurityContextImpl [Authentication=UsernamePasswordAuthenticationToken [Principal=org.springframework.security.core.userdetails.User [Username=user, Password=[PROTECTED], Enabled=true, AccountNonExpired=true, CredentialsNonExpired=true, AccountNonLocked=true, Granted Authorities=[ROLE_USER]], Credentials=[PROTECTED], Authenticated=true, Details=null, Granted Authorities=[ROLE_USER]]]
2024-10-16T15:39:29.931+02:00  INFO 19200 --- [data-service] [    Test worker] c.e.d.c.CustomerControllerTests          : GetAllCustomers Response: [{"id":null,"name":"John Doe","email":"john@example.com"},{"id":null,"name":"Jane Doe","email":"jane@example.com"}]
2024-10-16T15:39:29.952+02:00 DEBUG 19200 --- [data-service] [    Test worker] w.c.HttpSessionSecurityContextRepository : Created HttpSession as SecurityContext is non-default
2024-10-16T15:39:29.953+02:00 DEBUG 19200 --- [data-service] [    Test worker] w.c.HttpSessionSecurityContextRepository : Stored SecurityContextImpl [Authentication=UsernamePasswordAuthenticationToken [Principal=org.springframework.security.core.userdetails.User [Username=user, Password=[PROTECTED], Enabled=true, AccountNonExpired=true, CredentialsNonExpired=true, AccountNonLocked=true, Granted Authorities=[ROLE_USER]], Credentials=[PROTECTED], Authenticated=true, Details=null, Granted Authorities=[ROLE_USER]]] to HttpSession [org.springframework.mock.web.MockHttpSession@640c2749]
2024-10-16T15:39:29.955+02:00 DEBUG 19200 --- [data-service] [    Test worker] o.s.security.web.FilterChainProxy        : Securing PUT /api/customers/1
2024-10-16T15:39:29.955+02:00 DEBUG 19200 --- [data-service] [    Test worker] o.s.security.web.FilterChainProxy        : Secured PUT /api/customers/1
2024-10-16T15:39:29.957+02:00 DEBUG 19200 --- [data-service] [    Test worker] s.w.s.m.m.a.RequestMappingHandlerMapping : Mapped to com.example.data_service.controller.CustomerController#updateCustomer(Long, Customer)
2024-10-16T15:39:30.026+02:00 DEBUG 19200 --- [data-service] [    Test worker] m.m.a.RequestResponseBodyMethodProcessor : Read "application/json;charset=UTF-8" to [com.example.data_service.model.Customer@4eff65ce]
2024-10-16T15:39:30.138+02:00 DEBUG 19200 --- [data-service] [    Test worker] o.s.w.s.m.m.a.HttpEntityMethodProcessor  : Using 'application/json', given [*/*] and supported [application/json, application/*+json]
2024-10-16T15:39:30.138+02:00 DEBUG 19200 --- [data-service] [    Test worker] o.s.w.s.m.m.a.HttpEntityMethodProcessor  : Writing [com.example.data_service.model.Customer@2e6dc94c]
2024-10-16T15:39:30.140+02:00 DEBUG 19200 --- [data-service] [    Test worker] w.c.HttpSessionSecurityContextRepository : Retrieved SecurityContextImpl [Authentication=UsernamePasswordAuthenticationToken [Principal=org.springframework.security.core.userdetails.User [Username=user, Password=[PROTECTED], Enabled=true, AccountNonExpired=true, CredentialsNonExpired=true, AccountNonLocked=true, Granted Authorities=[ROLE_USER]], Credentials=[PROTECTED], Authenticated=true, Details=null, Granted Authorities=[ROLE_USER]]]
2024-10-16T15:39:30.144+02:00  INFO 19200 --- [data-service] [    Test worker] c.e.d.c.CustomerControllerTests          : UpdateCustomer Response: {"id":1,"name":"John Updated","email":"johnupdated@example.com"}
2024-10-16T15:39:30.164+02:00 DEBUG 19200 --- [data-service] [    Test worker] w.c.HttpSessionSecurityContextRepository : Created HttpSession as SecurityContext is non-default
2024-10-16T15:39:30.165+02:00 DEBUG 19200 --- [data-service] [    Test worker] w.c.HttpSessionSecurityContextRepository : Stored SecurityContextImpl [Authentication=UsernamePasswordAuthenticationToken [Principal=org.springframework.security.core.userdetails.User [Username=user, Password=[PROTECTED], Enabled=true, AccountNonExpired=true, CredentialsNonExpired=true, AccountNonLocked=true, Granted Authorities=[ROLE_USER]], Credentials=[PROTECTED], Authenticated=true, Details=null, Granted Authorities=[ROLE_USER]]] to HttpSession [org.springframework.mock.web.MockHttpSession@f2df380]
2024-10-16T15:39:30.166+02:00 DEBUG 19200 --- [data-service] [    Test worker] o.s.security.web.FilterChainProxy        : Securing POST /api/customers
2024-10-16T15:39:30.167+02:00 DEBUG 19200 --- [data-service] [    Test worker] o.s.security.web.FilterChainProxy        : Secured POST /api/customers
2024-10-16T15:39:30.167+02:00 DEBUG 19200 --- [data-service] [    Test worker] s.w.s.m.m.a.RequestMappingHandlerMapping : Mapped to com.example.data_service.controller.CustomerController#createCustomer(Customer)
2024-10-16T15:39:30.170+02:00 DEBUG 19200 --- [data-service] [    Test worker] m.m.a.RequestResponseBodyMethodProcessor : Read "application/json;charset=UTF-8" to [com.example.data_service.model.Customer@5524e471]
2024-10-16T15:39:30.173+02:00 DEBUG 19200 --- [data-service] [    Test worker] o.s.w.s.m.m.a.HttpEntityMethodProcessor  : Using 'application/json', given [*/*] and supported [application/json, application/*+json]
2024-10-16T15:39:30.174+02:00 DEBUG 19200 --- [data-service] [    Test worker] o.s.w.s.m.m.a.HttpEntityMethodProcessor  : Writing [com.example.data_service.model.Customer@3b6d94fc]
2024-10-16T15:39:30.175+02:00 DEBUG 19200 --- [data-service] [    Test worker] w.c.HttpSessionSecurityContextRepository : Retrieved SecurityContextImpl [Authentication=UsernamePasswordAuthenticationToken [Principal=org.springframework.security.core.userdetails.User [Username=user, Password=[PROTECTED], Enabled=true, AccountNonExpired=true, CredentialsNonExpired=true, AccountNonLocked=true, Granted Authorities=[ROLE_USER]], Credentials=[PROTECTED], Authenticated=true, Details=null, Granted Authorities=[ROLE_USER]]]
2024-10-16T15:39:30.178+02:00  INFO 19200 --- [data-service] [    Test worker] c.e.d.c.CustomerControllerTests          : CreateCustomer Response: {"id":null,"name":"John Doe","email":"john@example.com"}
2024-10-16T15:39:30.193+02:00 DEBUG 19200 --- [data-service] [    Test worker] w.c.HttpSessionSecurityContextRepository : Created HttpSession as SecurityContext is non-default
2024-10-16T15:39:30.194+02:00 DEBUG 19200 --- [data-service] [    Test worker] w.c.HttpSessionSecurityContextRepository : Stored SecurityContextImpl [Authentication=UsernamePasswordAuthenticationToken [Principal=org.springframework.security.core.userdetails.User [Username=user, Password=[PROTECTED], Enabled=true, AccountNonExpired=true, CredentialsNonExpired=true, AccountNonLocked=true, Granted Authorities=[ROLE_USER]], Credentials=[PROTECTED], Authenticated=true, Details=null, Granted Authorities=[ROLE_USER]]] to HttpSession [org.springframework.mock.web.MockHttpSession@665fb1d8]
2024-10-16T15:39:30.195+02:00 DEBUG 19200 --- [data-service] [    Test worker] o.s.security.web.FilterChainProxy        : Securing DELETE /api/customers/1
2024-10-16T15:39:30.196+02:00 DEBUG 19200 --- [data-service] [    Test worker] o.s.security.web.FilterChainProxy        : Secured DELETE /api/customers/1
2024-10-16T15:39:30.197+02:00 DEBUG 19200 --- [data-service] [    Test worker] s.w.s.m.m.a.RequestMappingHandlerMapping : Mapped to com.example.data_service.controller.CustomerController#deleteCustomer(Long)
2024-10-16T15:39:30.202+02:00 DEBUG 19200 --- [data-service] [    Test worker] o.s.w.s.m.m.a.HttpEntityMethodProcessor  : Using 'application/octet-stream', given [*/*] and supported [*/*]
2024-10-16T15:39:30.202+02:00 DEBUG 19200 --- [data-service] [    Test worker] w.c.HttpSessionSecurityContextRepository : Retrieved SecurityContextImpl [Authentication=UsernamePasswordAuthenticationToken [Principal=org.springframework.security.core.userdetails.User [Username=user, Password=[PROTECTED], Enabled=true, AccountNonExpired=true, CredentialsNonExpired=true, AccountNonLocked=true, Granted Authorities=[ROLE_USER]], Credentials=[PROTECTED], Authenticated=true, Details=null, Granted Authorities=[ROLE_USER]]]
2024-10-16T15:39:30.205+02:00  INFO 19200 --- [data-service] [    Test worker] c.e.d.c.CustomerControllerTests          : DeleteCustomer Response: 
2024-10-16T15:39:30.220+02:00 DEBUG 19200 --- [data-service] [    Test worker] w.c.HttpSessionSecurityContextRepository : Created HttpSession as SecurityContext is non-default
2024-10-16T15:39:30.220+02:00 DEBUG 19200 --- [data-service] [    Test worker] w.c.HttpSessionSecurityContextRepository : Stored SecurityContextImpl [Authentication=UsernamePasswordAuthenticationToken [Principal=org.springframework.security.core.userdetails.User [Username=user, Password=[PROTECTED], Enabled=true, AccountNonExpired=true, CredentialsNonExpired=true, AccountNonLocked=true, Granted Authorities=[ROLE_USER]], Credentials=[PROTECTED], Authenticated=true, Details=null, Granted Authorities=[ROLE_USER]]] to HttpSession [org.springframework.mock.web.MockHttpSession@64d49e35]
2024-10-16T15:39:30.221+02:00 DEBUG 19200 --- [data-service] [    Test worker] o.s.security.web.FilterChainProxy        : Securing DELETE /api/customers/1
2024-10-16T15:39:30.221+02:00 DEBUG 19200 --- [data-service] [    Test worker] o.s.security.web.FilterChainProxy        : Secured DELETE /api/customers/1
2024-10-16T15:39:30.222+02:00 DEBUG 19200 --- [data-service] [    Test worker] s.w.s.m.m.a.RequestMappingHandlerMapping : Mapped to com.example.data_service.controller.CustomerController#deleteCustomer(Long)
2024-10-16T15:39:30.224+02:00 DEBUG 19200 --- [data-service] [    Test worker] o.s.w.s.m.m.a.HttpEntityMethodProcessor  : Using 'application/octet-stream', given [*/*] and supported [*/*]
2024-10-16T15:39:30.224+02:00 DEBUG 19200 --- [data-service] [    Test worker] w.c.HttpSessionSecurityContextRepository : Retrieved SecurityContextImpl [Authentication=UsernamePasswordAuthenticationToken [Principal=org.springframework.security.core.userdetails.User [Username=user, Password=[PROTECTED], Enabled=true, AccountNonExpired=true, CredentialsNonExpired=true, AccountNonLocked=true, Granted Authorities=[ROLE_USER]], Credentials=[PROTECTED], Authenticated=true, Details=null, Granted Authorities=[ROLE_USER]]]
2024-10-16T15:39:30.227+02:00  INFO 19200 --- [data-service] [    Test worker] c.e.d.c.CustomerControllerTests          : DeleteCustomerNotFound Response: 
2024-10-16T15:39:30.239+02:00 DEBUG 19200 --- [data-service] [    Test worker] w.c.HttpSessionSecurityContextRepository : Created HttpSession as SecurityContext is non-default
2024-10-16T15:39:30.240+02:00 DEBUG 19200 --- [data-service] [    Test worker] w.c.HttpSessionSecurityContextRepository : Stored SecurityContextImpl [Authentication=UsernamePasswordAuthenticationToken [Principal=org.springframework.security.core.userdetails.User [Username=user, Password=[PROTECTED], Enabled=true, AccountNonExpired=true, CredentialsNonExpired=true, AccountNonLocked=true, Granted Authorities=[ROLE_USER]], Credentials=[PROTECTED], Authenticated=true, Details=null, Granted Authorities=[ROLE_USER]]] to HttpSession [org.springframework.mock.web.MockHttpSession@60580e42]
2024-10-16T15:39:30.241+02:00 DEBUG 19200 --- [data-service] [    Test worker] o.s.security.web.FilterChainProxy        : Securing PUT /api/customers/1
2024-10-16T15:39:30.242+02:00 DEBUG 19200 --- [data-service] [    Test worker] o.s.security.web.FilterChainProxy        : Secured PUT /api/customers/1
2024-10-16T15:39:30.243+02:00 DEBUG 19200 --- [data-service] [    Test worker] s.w.s.m.m.a.RequestMappingHandlerMapping : Mapped to com.example.data_service.controller.CustomerController#updateCustomer(Long, Customer)
2024-10-16T15:39:30.244+02:00 DEBUG 19200 --- [data-service] [    Test worker] m.m.a.RequestResponseBodyMethodProcessor : Read "application/json;charset=UTF-8" to [com.example.data_service.model.Customer@6ca6d195]
2024-10-16T15:39:30.246+02:00 DEBUG 19200 --- [data-service] [    Test worker] o.s.w.s.m.m.a.HttpEntityMethodProcessor  : Using 'application/json', given [*/*] and supported [application/json, application/*+json]
2024-10-16T15:39:30.246+02:00 DEBUG 19200 --- [data-service] [    Test worker] o.s.w.s.m.m.a.HttpEntityMethodProcessor  : Nothing to write: null body
2024-10-16T15:39:30.246+02:00 DEBUG 19200 --- [data-service] [    Test worker] w.c.HttpSessionSecurityContextRepository : Retrieved SecurityContextImpl [Authentication=UsernamePasswordAuthenticationToken [Principal=org.springframework.security.core.userdetails.User [Username=user, Password=[PROTECTED], Enabled=true, AccountNonExpired=true, CredentialsNonExpired=true, AccountNonLocked=true, Granted Authorities=[ROLE_USER]], Credentials=[PROTECTED], Authenticated=true, Details=null, Granted Authorities=[ROLE_USER]]]
2024-10-16T15:39:30.248+02:00  INFO 19200 --- [data-service] [    Test worker] c.e.d.c.CustomerControllerTests          : UpdateCustomerNotFound Response: 
]]></system-out>
  <system-err><![CDATA[]]></system-err>
</testsuite>
