<?xml version="1.0" encoding="UTF-8"?>
<testsuite name="com.example.data_service.controller.CustomerControllerTests" tests="8" skipped="0" failures="0" errors="0" timestamp="2024-10-15T22:01:31" hostname="ALEXPC" time="0.555">
  <properties/>
  <testcase name="testGetCustomerById()" classname="com.example.data_service.controller.CustomerControllerTests" time="0.287"/>
  <testcase name="testGetCustomerByIdNotFound()" classname="com.example.data_service.controller.CustomerControllerTests" time="0.016"/>
  <testcase name="testGetAllCustomers()" classname="com.example.data_service.controller.CustomerControllerTests" time="0.02"/>
  <testcase name="testUpdateCustomer()" classname="com.example.data_service.controller.CustomerControllerTests" time="0.149"/>
  <testcase name="testCreateCustomer()" classname="com.example.data_service.controller.CustomerControllerTests" time="0.018"/>
  <testcase name="testDeleteCustomer()" classname="com.example.data_service.controller.CustomerControllerTests" time="0.018"/>
  <testcase name="testDeleteCustomerNotFound()" classname="com.example.data_service.controller.CustomerControllerTests" time="0.012"/>
  <testcase name="testUpdateCustomerNotFound()" classname="com.example.data_service.controller.CustomerControllerTests" time="0.014"/>
  <system-out><![CDATA[2024-10-16T00:01:30.301+02:00  INFO 8028 --- [data-service] [    Test worker] t.c.s.AnnotationConfigContextLoaderUtils : Could not detect default configuration classes for test class [com.example.data_service.controller.CustomerControllerTests]: CustomerControllerTests does not declare any static, non-private, non-final, nested classes annotated with @Configuration.
2024-10-16T00:01:30.351+02:00  INFO 8028 --- [data-service] [    Test worker] .b.t.c.SpringBootTestContextBootstrapper : Found @SpringBootConfiguration com.example.data_service.DataServiceApplication for test class com.example.data_service.controller.CustomerControllerTests

  .   ____          _            __ _ _
 /\\ / ___'_ __ _ _(_)_ __  __ _ \ \ \ \
( ( )\___ | '_ | '_| | '_ \/ _` | \ \ \ \
 \\/  ___)| |_)| | | | | || (_| |  ) ) ) )
  '  |____| .__|_| |_|_| |_\__, | / / / /
 =========|_|==============|___/=/_/_/_/

 :: Spring Boot ::                (v3.3.4)

2024-10-16T00:01:30.398+02:00  INFO 8028 --- [data-service] [    Test worker] c.e.d.c.CustomerControllerTests          : Starting CustomerControllerTests using Java 21.0.4 with PID 8028 (started by avuzi in C:\Users\avuzi\OneDrive\Desktop\backend_solo\mySolution\data-service)
2024-10-16T00:01:30.399+02:00 DEBUG 8028 --- [data-service] [    Test worker] c.e.d.c.CustomerControllerTests          : Running with Spring Boot v3.3.4, Spring v6.1.13
2024-10-16T00:01:30.399+02:00  INFO 8028 --- [data-service] [    Test worker] c.e.d.c.CustomerControllerTests          : No active profile set, falling back to 1 default profile: "default"
2024-10-16T00:01:30.402+02:00 DEBUG 8028 --- [data-service] [    Test worker] o.s.w.c.s.GenericWebApplicationContext   : Refreshing org.springframework.web.context.support.GenericWebApplicationContext@59d8a968
2024-10-16T00:01:31.128+02:00  WARN 8028 --- [data-service] [    Test worker] .s.s.UserDetailsServiceAutoConfiguration : 

Using generated security password: 95c6de5f-8404-4c86-baa3-ef01f3a6f919

This generated password is for development use only. Your security configuration must be updated before running your application in production.

2024-10-16T00:01:31.133+02:00  INFO 8028 --- [data-service] [    Test worker] r$InitializeUserDetailsManagerConfigurer : Global AuthenticationManager configured with UserDetailsService bean with name inMemoryUserDetailsManager
2024-10-16T00:01:31.178+02:00 DEBUG 8028 --- [data-service] [    Test worker] o.s.s.web.DefaultSecurityFilterChain     : Will secure any request with filters: DisableEncodeUrlFilter, WebAsyncManagerIntegrationFilter, SecurityContextHolderFilter, HeaderWriterFilter, LogoutFilter, RequestCacheAwareFilter, SecurityContextHolderAwareRequestFilter, AnonymousAuthenticationFilter, ExceptionTranslationFilter, AuthorizationFilter
2024-10-16T00:01:31.273+02:00 DEBUG 8028 --- [data-service] [    Test worker] s.w.s.m.m.a.RequestMappingHandlerMapping : 7 mappings in 'requestMappingHandlerMapping'
2024-10-16T00:01:31.334+02:00 DEBUG 8028 --- [data-service] [    Test worker] o.s.w.s.handler.SimpleUrlHandlerMapping  : Patterns [/webjars/**, /**] in 'resourceHandlerMapping'
2024-10-16T00:01:31.352+02:00 DEBUG 8028 --- [data-service] [    Test worker] s.w.s.m.m.a.RequestMappingHandlerAdapter : ControllerAdvice beans: 0 @ModelAttribute, 0 @InitBinder, 1 RequestBodyAdvice, 1 ResponseBodyAdvice
2024-10-16T00:01:31.360+02:00 DEBUG 8028 --- [data-service] [    Test worker] .m.m.a.ExceptionHandlerExceptionResolver : ControllerAdvice beans: 0 @ExceptionHandler, 1 ResponseBodyAdvice
2024-10-16T00:01:31.463+02:00  INFO 8028 --- [data-service] [    Test worker] o.s.b.t.m.w.SpringBootMockServletContext : Initializing Spring TestDispatcherServlet ''
2024-10-16T00:01:31.463+02:00  INFO 8028 --- [data-service] [    Test worker] o.s.t.web.servlet.TestDispatcherServlet  : Initializing Servlet ''
2024-10-16T00:01:31.466+02:00  INFO 8028 --- [data-service] [    Test worker] o.s.t.web.servlet.TestDispatcherServlet  : Completed initialization in 1 ms
2024-10-16T00:01:31.485+02:00  INFO 8028 --- [data-service] [    Test worker] c.e.d.c.CustomerControllerTests          : Started CustomerControllerTests in 1.127 seconds (process running for 10.719)
2024-10-16T00:01:31.564+02:00 DEBUG 8028 --- [data-service] [    Test worker] w.c.HttpSessionSecurityContextRepository : Created HttpSession as SecurityContext is non-default
2024-10-16T00:01:31.565+02:00 DEBUG 8028 --- [data-service] [    Test worker] w.c.HttpSessionSecurityContextRepository : Stored SecurityContextImpl [Authentication=UsernamePasswordAuthenticationToken [Principal=org.springframework.security.core.userdetails.User [Username=user, Password=[PROTECTED], Enabled=true, AccountNonExpired=true, CredentialsNonExpired=true, AccountNonLocked=true, Granted Authorities=[ROLE_USER]], Credentials=[PROTECTED], Authenticated=true, Details=null, Granted Authorities=[ROLE_USER]]] to HttpSession [org.springframework.mock.web.MockHttpSession@245b009a]
2024-10-16T00:01:31.588+02:00 DEBUG 8028 --- [data-service] [    Test worker] o.s.security.web.FilterChainProxy        : Securing GET /api/customers/1
2024-10-16T00:01:31.605+02:00 DEBUG 8028 --- [data-service] [    Test worker] o.s.security.web.FilterChainProxy        : Secured GET /api/customers/1
2024-10-16T00:01:31.613+02:00 DEBUG 8028 --- [data-service] [    Test worker] s.w.s.m.m.a.RequestMappingHandlerMapping : Mapped to com.example.data_service.controller.CustomerController#getCustomerById(Long)
2024-10-16T00:01:31.730+02:00 DEBUG 8028 --- [data-service] [    Test worker] o.s.w.s.m.m.a.HttpEntityMethodProcessor  : Using 'application/json', given [*/*] and supported [application/json, application/*+json]
2024-10-16T00:01:31.733+02:00 DEBUG 8028 --- [data-service] [    Test worker] o.s.w.s.m.m.a.HttpEntityMethodProcessor  : Writing [com.example.data_service.model.Customer@4d248692]
2024-10-16T00:01:31.759+02:00 DEBUG 8028 --- [data-service] [    Test worker] w.c.HttpSessionSecurityContextRepository : Retrieved SecurityContextImpl [Authentication=UsernamePasswordAuthenticationToken [Principal=org.springframework.security.core.userdetails.User [Username=user, Password=[PROTECTED], Enabled=true, AccountNonExpired=true, CredentialsNonExpired=true, AccountNonLocked=true, Granted Authorities=[ROLE_USER]], Credentials=[PROTECTED], Authenticated=true, Details=null, Granted Authorities=[ROLE_USER]]]
2024-10-16T00:01:31.779+02:00  INFO 8028 --- [data-service] [    Test worker] c.e.d.c.CustomerControllerTests          : GetCustomerById Response: {"id":1,"name":"John Doe","email":"john@example.com"}
2024-10-16T00:01:31.792+02:00 DEBUG 8028 --- [data-service] [    Test worker] w.c.HttpSessionSecurityContextRepository : Created HttpSession as SecurityContext is non-default
2024-10-16T00:01:31.792+02:00 DEBUG 8028 --- [data-service] [    Test worker] w.c.HttpSessionSecurityContextRepository : Stored SecurityContextImpl [Authentication=UsernamePasswordAuthenticationToken [Principal=org.springframework.security.core.userdetails.User [Username=user, Password=[PROTECTED], Enabled=true, AccountNonExpired=true, CredentialsNonExpired=true, AccountNonLocked=true, Granted Authorities=[ROLE_USER]], Credentials=[PROTECTED], Authenticated=true, Details=null, Granted Authorities=[ROLE_USER]]] to HttpSession [org.springframework.mock.web.MockHttpSession@55732ae6]
2024-10-16T00:01:31.793+02:00 DEBUG 8028 --- [data-service] [    Test worker] o.s.security.web.FilterChainProxy        : Securing GET /api/customers/1
2024-10-16T00:01:31.795+02:00 DEBUG 8028 --- [data-service] [    Test worker] o.s.security.web.FilterChainProxy        : Secured GET /api/customers/1
2024-10-16T00:01:31.795+02:00 DEBUG 8028 --- [data-service] [    Test worker] s.w.s.m.m.a.RequestMappingHandlerMapping : Mapped to com.example.data_service.controller.CustomerController#getCustomerById(Long)
2024-10-16T00:01:31.797+02:00 DEBUG 8028 --- [data-service] [    Test worker] o.s.w.s.m.m.a.HttpEntityMethodProcessor  : Using 'application/json', given [*/*] and supported [application/json, application/*+json]
2024-10-16T00:01:31.797+02:00 DEBUG 8028 --- [data-service] [    Test worker] o.s.w.s.m.m.a.HttpEntityMethodProcessor  : Nothing to write: null body
2024-10-16T00:01:31.797+02:00 DEBUG 8028 --- [data-service] [    Test worker] w.c.HttpSessionSecurityContextRepository : Retrieved SecurityContextImpl [Authentication=UsernamePasswordAuthenticationToken [Principal=org.springframework.security.core.userdetails.User [Username=user, Password=[PROTECTED], Enabled=true, AccountNonExpired=true, CredentialsNonExpired=true, AccountNonLocked=true, Granted Authorities=[ROLE_USER]], Credentials=[PROTECTED], Authenticated=true, Details=null, Granted Authorities=[ROLE_USER]]]
2024-10-16T00:01:31.799+02:00  INFO 8028 --- [data-service] [    Test worker] c.e.d.c.CustomerControllerTests          : GetCustomerByIdNotFound Response: 
2024-10-16T00:01:31.809+02:00 DEBUG 8028 --- [data-service] [    Test worker] w.c.HttpSessionSecurityContextRepository : Created HttpSession as SecurityContext is non-default
2024-10-16T00:01:31.809+02:00 DEBUG 8028 --- [data-service] [    Test worker] w.c.HttpSessionSecurityContextRepository : Stored SecurityContextImpl [Authentication=UsernamePasswordAuthenticationToken [Principal=org.springframework.security.core.userdetails.User [Username=user, Password=[PROTECTED], Enabled=true, AccountNonExpired=true, CredentialsNonExpired=true, AccountNonLocked=true, Granted Authorities=[ROLE_USER]], Credentials=[PROTECTED], Authenticated=true, Details=null, Granted Authorities=[ROLE_USER]]] to HttpSession [org.springframework.mock.web.MockHttpSession@6d5a4e59]
2024-10-16T00:01:31.809+02:00 DEBUG 8028 --- [data-service] [    Test worker] o.s.security.web.FilterChainProxy        : Securing GET /api/customers
2024-10-16T00:01:31.811+02:00 DEBUG 8028 --- [data-service] [    Test worker] o.s.security.web.FilterChainProxy        : Secured GET /api/customers
2024-10-16T00:01:31.811+02:00 DEBUG 8028 --- [data-service] [    Test worker] s.w.s.m.m.a.RequestMappingHandlerMapping : Mapped to com.example.data_service.controller.CustomerController#getAllCustomers()
2024-10-16T00:01:31.815+02:00 DEBUG 8028 --- [data-service] [    Test worker] m.m.a.RequestResponseBodyMethodProcessor : Using 'application/json', given [*/*] and supported [application/json, application/*+json]
2024-10-16T00:01:31.817+02:00 DEBUG 8028 --- [data-service] [    Test worker] m.m.a.RequestResponseBodyMethodProcessor : Writing [[com.example.data_service.model.Customer@71f9f8ba, com.example.data_service.model.Customer@7685912e]]
2024-10-16T00:01:31.821+02:00 DEBUG 8028 --- [data-service] [    Test worker] w.c.HttpSessionSecurityContextRepository : Retrieved SecurityContextImpl [Authentication=UsernamePasswordAuthenticationToken [Principal=org.springframework.security.core.userdetails.User [Username=user, Password=[PROTECTED], Enabled=true, AccountNonExpired=true, CredentialsNonExpired=true, AccountNonLocked=true, Granted Authorities=[ROLE_USER]], Credentials=[PROTECTED], Authenticated=true, Details=null, Granted Authorities=[ROLE_USER]]]
2024-10-16T00:01:31.823+02:00  INFO 8028 --- [data-service] [    Test worker] c.e.d.c.CustomerControllerTests          : GetAllCustomers Response: [{"id":null,"name":"John Doe","email":"john@example.com"},{"id":null,"name":"Jane Doe","email":"jane@example.com"}]
2024-10-16T00:01:31.838+02:00 DEBUG 8028 --- [data-service] [    Test worker] w.c.HttpSessionSecurityContextRepository : Created HttpSession as SecurityContext is non-default
2024-10-16T00:01:31.839+02:00 DEBUG 8028 --- [data-service] [    Test worker] w.c.HttpSessionSecurityContextRepository : Stored SecurityContextImpl [Authentication=UsernamePasswordAuthenticationToken [Principal=org.springframework.security.core.userdetails.User [Username=user, Password=[PROTECTED], Enabled=true, AccountNonExpired=true, CredentialsNonExpired=true, AccountNonLocked=true, Granted Authorities=[ROLE_USER]], Credentials=[PROTECTED], Authenticated=true, Details=null, Granted Authorities=[ROLE_USER]]] to HttpSession [org.springframework.mock.web.MockHttpSession@5bc150e9]
2024-10-16T00:01:31.840+02:00 DEBUG 8028 --- [data-service] [    Test worker] o.s.security.web.FilterChainProxy        : Securing PUT /api/customers/1
2024-10-16T00:01:31.840+02:00 DEBUG 8028 --- [data-service] [    Test worker] o.s.security.web.FilterChainProxy        : Secured PUT /api/customers/1
2024-10-16T00:01:31.841+02:00 DEBUG 8028 --- [data-service] [    Test worker] s.w.s.m.m.a.RequestMappingHandlerMapping : Mapped to com.example.data_service.controller.CustomerController#updateCustomer(Long, Customer)
2024-10-16T00:01:31.892+02:00 DEBUG 8028 --- [data-service] [    Test worker] m.m.a.RequestResponseBodyMethodProcessor : Read "application/json;charset=UTF-8" to [com.example.data_service.model.Customer@519b726a]
2024-10-16T00:01:31.971+02:00 DEBUG 8028 --- [data-service] [    Test worker] o.s.w.s.m.m.a.HttpEntityMethodProcessor  : Using 'application/json', given [*/*] and supported [application/json, application/*+json]
2024-10-16T00:01:31.972+02:00 DEBUG 8028 --- [data-service] [    Test worker] o.s.w.s.m.m.a.HttpEntityMethodProcessor  : Writing [com.example.data_service.model.Customer@35f34ccc]
2024-10-16T00:01:31.973+02:00 DEBUG 8028 --- [data-service] [    Test worker] w.c.HttpSessionSecurityContextRepository : Retrieved SecurityContextImpl [Authentication=UsernamePasswordAuthenticationToken [Principal=org.springframework.security.core.userdetails.User [Username=user, Password=[PROTECTED], Enabled=true, AccountNonExpired=true, CredentialsNonExpired=true, AccountNonLocked=true, Granted Authorities=[ROLE_USER]], Credentials=[PROTECTED], Authenticated=true, Details=null, Granted Authorities=[ROLE_USER]]]
2024-10-16T00:01:31.976+02:00  INFO 8028 --- [data-service] [    Test worker] c.e.d.c.CustomerControllerTests          : UpdateCustomer Response: {"id":1,"name":"John Updated","email":"johnupdated@example.com"}
2024-10-16T00:01:31.986+02:00 DEBUG 8028 --- [data-service] [    Test worker] w.c.HttpSessionSecurityContextRepository : Created HttpSession as SecurityContext is non-default
2024-10-16T00:01:31.988+02:00 DEBUG 8028 --- [data-service] [    Test worker] w.c.HttpSessionSecurityContextRepository : Stored SecurityContextImpl [Authentication=UsernamePasswordAuthenticationToken [Principal=org.springframework.security.core.userdetails.User [Username=user, Password=[PROTECTED], Enabled=true, AccountNonExpired=true, CredentialsNonExpired=true, AccountNonLocked=true, Granted Authorities=[ROLE_USER]], Credentials=[PROTECTED], Authenticated=true, Details=null, Granted Authorities=[ROLE_USER]]] to HttpSession [org.springframework.mock.web.MockHttpSession@62a5e4c7]
2024-10-16T00:01:31.989+02:00 DEBUG 8028 --- [data-service] [    Test worker] o.s.security.web.FilterChainProxy        : Securing POST /api/customers
2024-10-16T00:01:31.989+02:00 DEBUG 8028 --- [data-service] [    Test worker] o.s.security.web.FilterChainProxy        : Secured POST /api/customers
2024-10-16T00:01:31.990+02:00 DEBUG 8028 --- [data-service] [    Test worker] s.w.s.m.m.a.RequestMappingHandlerMapping : Mapped to com.example.data_service.controller.CustomerController#createCustomer(Customer)
2024-10-16T00:01:31.992+02:00 DEBUG 8028 --- [data-service] [    Test worker] m.m.a.RequestResponseBodyMethodProcessor : Read "application/json;charset=UTF-8" to [com.example.data_service.model.Customer@3f7030b5]
2024-10-16T00:01:31.994+02:00 DEBUG 8028 --- [data-service] [    Test worker] o.s.w.s.m.m.a.HttpEntityMethodProcessor  : Using 'application/json', given [*/*] and supported [application/json, application/*+json]
2024-10-16T00:01:31.995+02:00 DEBUG 8028 --- [data-service] [    Test worker] o.s.w.s.m.m.a.HttpEntityMethodProcessor  : Writing [com.example.data_service.model.Customer@774b798]
2024-10-16T00:01:31.996+02:00 DEBUG 8028 --- [data-service] [    Test worker] w.c.HttpSessionSecurityContextRepository : Retrieved SecurityContextImpl [Authentication=UsernamePasswordAuthenticationToken [Principal=org.springframework.security.core.userdetails.User [Username=user, Password=[PROTECTED], Enabled=true, AccountNonExpired=true, CredentialsNonExpired=true, AccountNonLocked=true, Granted Authorities=[ROLE_USER]], Credentials=[PROTECTED], Authenticated=true, Details=null, Granted Authorities=[ROLE_USER]]]
2024-10-16T00:01:31.998+02:00  INFO 8028 --- [data-service] [    Test worker] c.e.d.c.CustomerControllerTests          : CreateCustomer Response: {"id":null,"name":"John Doe","email":"john@example.com"}
2024-10-16T00:01:32.008+02:00 DEBUG 8028 --- [data-service] [    Test worker] w.c.HttpSessionSecurityContextRepository : Created HttpSession as SecurityContext is non-default
2024-10-16T00:01:32.008+02:00 DEBUG 8028 --- [data-service] [    Test worker] w.c.HttpSessionSecurityContextRepository : Stored SecurityContextImpl [Authentication=UsernamePasswordAuthenticationToken [Principal=org.springframework.security.core.userdetails.User [Username=user, Password=[PROTECTED], Enabled=true, AccountNonExpired=true, CredentialsNonExpired=true, AccountNonLocked=true, Granted Authorities=[ROLE_USER]], Credentials=[PROTECTED], Authenticated=true, Details=null, Granted Authorities=[ROLE_USER]]] to HttpSession [org.springframework.mock.web.MockHttpSession@25198ead]
2024-10-16T00:01:32.010+02:00 DEBUG 8028 --- [data-service] [    Test worker] o.s.security.web.FilterChainProxy        : Securing DELETE /api/customers/1
2024-10-16T00:01:32.010+02:00 DEBUG 8028 --- [data-service] [    Test worker] o.s.security.web.FilterChainProxy        : Secured DELETE /api/customers/1
2024-10-16T00:01:32.011+02:00 DEBUG 8028 --- [data-service] [    Test worker] s.w.s.m.m.a.RequestMappingHandlerMapping : Mapped to com.example.data_service.controller.CustomerController#deleteCustomer(Long)
2024-10-16T00:01:32.015+02:00 DEBUG 8028 --- [data-service] [    Test worker] o.s.w.s.m.m.a.HttpEntityMethodProcessor  : Using 'application/octet-stream', given [*/*] and supported [*/*]
2024-10-16T00:01:32.016+02:00 DEBUG 8028 --- [data-service] [    Test worker] w.c.HttpSessionSecurityContextRepository : Retrieved SecurityContextImpl [Authentication=UsernamePasswordAuthenticationToken [Principal=org.springframework.security.core.userdetails.User [Username=user, Password=[PROTECTED], Enabled=true, AccountNonExpired=true, CredentialsNonExpired=true, AccountNonLocked=true, Granted Authorities=[ROLE_USER]], Credentials=[PROTECTED], Authenticated=true, Details=null, Granted Authorities=[ROLE_USER]]]
2024-10-16T00:01:32.018+02:00  INFO 8028 --- [data-service] [    Test worker] c.e.d.c.CustomerControllerTests          : DeleteCustomer Response: 
2024-10-16T00:01:32.027+02:00 DEBUG 8028 --- [data-service] [    Test worker] w.c.HttpSessionSecurityContextRepository : Created HttpSession as SecurityContext is non-default
2024-10-16T00:01:32.027+02:00 DEBUG 8028 --- [data-service] [    Test worker] w.c.HttpSessionSecurityContextRepository : Stored SecurityContextImpl [Authentication=UsernamePasswordAuthenticationToken [Principal=org.springframework.security.core.userdetails.User [Username=user, Password=[PROTECTED], Enabled=true, AccountNonExpired=true, CredentialsNonExpired=true, AccountNonLocked=true, Granted Authorities=[ROLE_USER]], Credentials=[PROTECTED], Authenticated=true, Details=null, Granted Authorities=[ROLE_USER]]] to HttpSession [org.springframework.mock.web.MockHttpSession@304e83a]
2024-10-16T00:01:32.028+02:00 DEBUG 8028 --- [data-service] [    Test worker] o.s.security.web.FilterChainProxy        : Securing DELETE /api/customers/1
2024-10-16T00:01:32.028+02:00 DEBUG 8028 --- [data-service] [    Test worker] o.s.security.web.FilterChainProxy        : Secured DELETE /api/customers/1
2024-10-16T00:01:32.030+02:00 DEBUG 8028 --- [data-service] [    Test worker] s.w.s.m.m.a.RequestMappingHandlerMapping : Mapped to com.example.data_service.controller.CustomerController#deleteCustomer(Long)
2024-10-16T00:01:32.031+02:00 DEBUG 8028 --- [data-service] [    Test worker] o.s.w.s.m.m.a.HttpEntityMethodProcessor  : Using 'application/octet-stream', given [*/*] and supported [*/*]
2024-10-16T00:01:32.031+02:00 DEBUG 8028 --- [data-service] [    Test worker] w.c.HttpSessionSecurityContextRepository : Retrieved SecurityContextImpl [Authentication=UsernamePasswordAuthenticationToken [Principal=org.springframework.security.core.userdetails.User [Username=user, Password=[PROTECTED], Enabled=true, AccountNonExpired=true, CredentialsNonExpired=true, AccountNonLocked=true, Granted Authorities=[ROLE_USER]], Credentials=[PROTECTED], Authenticated=true, Details=null, Granted Authorities=[ROLE_USER]]]
2024-10-16T00:01:32.033+02:00  INFO 8028 --- [data-service] [    Test worker] c.e.d.c.CustomerControllerTests          : DeleteCustomerNotFound Response: 
2024-10-16T00:01:32.042+02:00 DEBUG 8028 --- [data-service] [    Test worker] w.c.HttpSessionSecurityContextRepository : Created HttpSession as SecurityContext is non-default
2024-10-16T00:01:32.042+02:00 DEBUG 8028 --- [data-service] [    Test worker] w.c.HttpSessionSecurityContextRepository : Stored SecurityContextImpl [Authentication=UsernamePasswordAuthenticationToken [Principal=org.springframework.security.core.userdetails.User [Username=user, Password=[PROTECTED], Enabled=true, AccountNonExpired=true, CredentialsNonExpired=true, AccountNonLocked=true, Granted Authorities=[ROLE_USER]], Credentials=[PROTECTED], Authenticated=true, Details=null, Granted Authorities=[ROLE_USER]]] to HttpSession [org.springframework.mock.web.MockHttpSession@5fd8302e]
2024-10-16T00:01:32.043+02:00 DEBUG 8028 --- [data-service] [    Test worker] o.s.security.web.FilterChainProxy        : Securing PUT /api/customers/1
2024-10-16T00:01:32.043+02:00 DEBUG 8028 --- [data-service] [    Test worker] o.s.security.web.FilterChainProxy        : Secured PUT /api/customers/1
2024-10-16T00:01:32.043+02:00 DEBUG 8028 --- [data-service] [    Test worker] s.w.s.m.m.a.RequestMappingHandlerMapping : Mapped to com.example.data_service.controller.CustomerController#updateCustomer(Long, Customer)
2024-10-16T00:01:32.044+02:00 DEBUG 8028 --- [data-service] [    Test worker] m.m.a.RequestResponseBodyMethodProcessor : Read "application/json;charset=UTF-8" to [com.example.data_service.model.Customer@20894afb]
2024-10-16T00:01:32.047+02:00 DEBUG 8028 --- [data-service] [    Test worker] o.s.w.s.m.m.a.HttpEntityMethodProcessor  : Using 'application/json', given [*/*] and supported [application/json, application/*+json]
2024-10-16T00:01:32.047+02:00 DEBUG 8028 --- [data-service] [    Test worker] o.s.w.s.m.m.a.HttpEntityMethodProcessor  : Nothing to write: null body
2024-10-16T00:01:32.047+02:00 DEBUG 8028 --- [data-service] [    Test worker] w.c.HttpSessionSecurityContextRepository : Retrieved SecurityContextImpl [Authentication=UsernamePasswordAuthenticationToken [Principal=org.springframework.security.core.userdetails.User [Username=user, Password=[PROTECTED], Enabled=true, AccountNonExpired=true, CredentialsNonExpired=true, AccountNonLocked=true, Granted Authorities=[ROLE_USER]], Credentials=[PROTECTED], Authenticated=true, Details=null, Granted Authorities=[ROLE_USER]]]
2024-10-16T00:01:32.049+02:00  INFO 8028 --- [data-service] [    Test worker] c.e.d.c.CustomerControllerTests          : UpdateCustomerNotFound Response: 
]]></system-out>
  <system-err><![CDATA[]]></system-err>
</testsuite>
