<?xml version="1.0" encoding="UTF-8"?>
<testsuite name="com.example.auth_service.controller.AuthControllerTests" tests="5" skipped="0" failures="0" errors="0" timestamp="2024-10-15T22:17:19" hostname="ALEXPC" time="0.67">
  <properties/>
  <testcase name="registerUser_withExistingEmail_shouldReturnBadRequest()" classname="com.example.auth_service.controller.AuthControllerTests" time="0.517"/>
  <testcase name="getToken_withInvalidCredentials_shouldReturnBadRequest()" classname="com.example.auth_service.controller.AuthControllerTests" time="0.034"/>
  <testcase name="registerUser_withNewEmail_shouldReturnOk()" classname="com.example.auth_service.controller.AuthControllerTests" time="0.031"/>
  <testcase name="getToken_withValidCredentials_shouldReturnToken()" classname="com.example.auth_service.controller.AuthControllerTests" time="0.039"/>
  <testcase name="checkStatus_shouldReturnOk()" classname="com.example.auth_service.controller.AuthControllerTests" time="0.028"/>
  <system-out><![CDATA[2024-10-16T00:17:18.526+02:00  INFO 17380 --- [    Test worker] t.c.s.AnnotationConfigContextLoaderUtils : Could not detect default configuration classes for test class [com.example.auth_service.controller.AuthControllerTests]: AuthControllerTests does not declare any static, non-private, non-final, nested classes annotated with @Configuration.
2024-10-16T00:17:18.561+02:00  INFO 17380 --- [    Test worker] .b.t.c.SpringBootTestContextBootstrapper : Found @SpringBootConfiguration com.example.auth_service.AuthServiceApplication for test class com.example.auth_service.controller.AuthControllerTests

  .   ____          _            __ _ _
 /\\ / ___'_ __ _ _(_)_ __  __ _ \ \ \ \
( ( )\___ | '_ | '_| | '_ \/ _` | \ \ \ \
 \\/  ___)| |_)| | | | | || (_| |  ) ) ) )
  '  |____| .__|_| |_|_| |_\__, | / / / /
 =========|_|==============|___/=/_/_/_/
 :: Spring Boot ::                (v3.1.0)

2024-10-16T00:17:18.612+02:00  INFO 17380 --- [    Test worker] c.e.a.controller.AuthControllerTests     : Starting AuthControllerTests using Java 21.0.4 with PID 17380 (started by avuzi in C:\Users\avuzi\OneDrive\Desktop\backend_solo\mySolution\auth-service)
2024-10-16T00:17:18.612+02:00  INFO 17380 --- [    Test worker] c.e.a.controller.AuthControllerTests     : No active profile set, falling back to 1 default profile: "default"
2024-10-16T00:17:18.616+02:00 DEBUG 17380 --- [    Test worker] o.s.w.c.s.GenericWebApplicationContext   : Refreshing org.springframework.web.context.support.GenericWebApplicationContext@3ad5f99
2024-10-16T00:17:19.562+02:00  WARN 17380 --- [    Test worker] .s.s.UserDetailsServiceAutoConfiguration : 

Using generated security password: 8609cd20-1498-4258-a62c-794c2c6de375

This generated password is for development use only. Your security configuration must be updated before running your application in production.

2024-10-16T00:17:19.642+02:00 DEBUG 17380 --- [    Test worker] s.w.s.m.m.a.RequestMappingHandlerMapping : 6 mappings in 'requestMappingHandlerMapping'
2024-10-16T00:17:19.719+02:00 DEBUG 17380 --- [    Test worker] o.s.w.s.handler.SimpleUrlHandlerMapping  : Patterns [/webjars/**, /**] in 'resourceHandlerMapping'
2024-10-16T00:17:19.733+02:00  INFO 17380 --- [    Test worker] o.s.s.web.DefaultSecurityFilterChain     : Will secure any request with [org.springframework.security.web.session.DisableEncodeUrlFilter@50e7d8ba, org.springframework.security.web.context.request.async.WebAsyncManagerIntegrationFilter@210e4678, org.springframework.security.web.context.SecurityContextHolderFilter@79690a0a, org.springframework.security.web.header.HeaderWriterFilter@3c0becae, org.springframework.web.filter.CorsFilter@4548bfc7, org.springframework.security.web.authentication.logout.LogoutFilter@2ee949d4, org.springframework.security.web.savedrequest.RequestCacheAwareFilter@619944a7, org.springframework.security.web.servletapi.SecurityContextHolderAwareRequestFilter@294aaa6, org.springframework.security.web.authentication.AnonymousAuthenticationFilter@557c0b65, org.springframework.security.web.session.SessionManagementFilter@373c367, org.springframework.security.web.access.ExceptionTranslationFilter@13617139, org.springframework.security.web.access.intercept.AuthorizationFilter@34a48013]
2024-10-16T00:17:19.807+02:00 DEBUG 17380 --- [    Test worker] s.w.s.m.m.a.RequestMappingHandlerAdapter : ControllerAdvice beans: 0 @ModelAttribute, 0 @InitBinder, 1 RequestBodyAdvice, 1 ResponseBodyAdvice
2024-10-16T00:17:19.819+02:00 DEBUG 17380 --- [    Test worker] .m.m.a.ExceptionHandlerExceptionResolver : ControllerAdvice beans: 0 @ExceptionHandler, 1 ResponseBodyAdvice
2024-10-16T00:17:19.896+02:00  INFO 17380 --- [    Test worker] o.s.b.t.m.w.SpringBootMockServletContext : Initializing Spring TestDispatcherServlet ''
2024-10-16T00:17:19.897+02:00  INFO 17380 --- [    Test worker] o.s.t.web.servlet.TestDispatcherServlet  : Initializing Servlet ''
2024-10-16T00:17:19.900+02:00  INFO 17380 --- [    Test worker] o.s.t.web.servlet.TestDispatcherServlet  : Completed initialization in 1 ms
2024-10-16T00:17:19.920+02:00  INFO 17380 --- [    Test worker] c.e.a.controller.AuthControllerTests     : Started AuthControllerTests in 1.354 seconds (process running for 10.596)
2024-10-16T00:17:20.072+02:00 DEBUG 17380 --- [    Test worker] o.s.security.web.FilterChainProxy        : Securing POST /account/register
2024-10-16T00:17:20.090+02:00 DEBUG 17380 --- [    Test worker] o.s.s.w.a.AnonymousAuthenticationFilter  : Set SecurityContextHolder to anonymous SecurityContext
2024-10-16T00:17:20.109+02:00 DEBUG 17380 --- [    Test worker] s.w.s.m.m.a.RequestMappingHandlerMapping : Mapped to com.example.auth_service.controller.AuthController#registerUser(User)
2024-10-16T00:17:20.111+02:00 DEBUG 17380 --- [    Test worker] s.w.s.m.m.a.RequestMappingHandlerMapping : Mapped to com.example.auth_service.controller.AuthController#registerUser(User)
2024-10-16T00:17:20.115+02:00 DEBUG 17380 --- [    Test worker] o.s.security.web.FilterChainProxy        : Secured POST /account/register
2024-10-16T00:17:20.125+02:00 DEBUG 17380 --- [    Test worker] s.w.s.m.m.a.RequestMappingHandlerMapping : Mapped to com.example.auth_service.controller.AuthController#registerUser(User)
2024-10-16T00:17:20.229+02:00 DEBUG 17380 --- [    Test worker] m.m.a.RequestResponseBodyMethodProcessor : Read "application/json;charset=UTF-8" to [com.example.auth_service.model.User@57be0d93]
2024-10-16T00:17:20.274+02:00 DEBUG 17380 --- [    Test worker] o.s.w.s.m.m.a.HttpEntityMethodProcessor  : Using 'application/json', given [*/*] and supported [application/json, application/*+json]
2024-10-16T00:17:20.275+02:00 DEBUG 17380 --- [    Test worker] o.s.w.s.m.m.a.HttpEntityMethodProcessor  : Writing [{error=Email already exists}]
2024-10-16T00:17:20.474+02:00 DEBUG 17380 --- [    Test worker] o.s.security.web.FilterChainProxy        : Securing POST /account/token
2024-10-16T00:17:20.476+02:00 DEBUG 17380 --- [    Test worker] o.s.s.w.a.AnonymousAuthenticationFilter  : Set SecurityContextHolder to anonymous SecurityContext
2024-10-16T00:17:20.476+02:00 DEBUG 17380 --- [    Test worker] s.w.s.m.m.a.RequestMappingHandlerMapping : Mapped to com.example.auth_service.controller.AuthController#getToken(Map)
2024-10-16T00:17:20.478+02:00 DEBUG 17380 --- [    Test worker] s.w.s.m.m.a.RequestMappingHandlerMapping : Mapped to com.example.auth_service.controller.AuthController#getToken(Map)
2024-10-16T00:17:20.478+02:00 DEBUG 17380 --- [    Test worker] s.w.s.m.m.a.RequestMappingHandlerMapping : Mapped to com.example.auth_service.controller.AuthController#getToken(Map)
2024-10-16T00:17:20.478+02:00 DEBUG 17380 --- [    Test worker] o.s.security.web.FilterChainProxy        : Secured POST /account/token
2024-10-16T00:17:20.480+02:00 DEBUG 17380 --- [    Test worker] s.w.s.m.m.a.RequestMappingHandlerMapping : Mapped to com.example.auth_service.controller.AuthController#getToken(Map)
2024-10-16T00:17:20.488+02:00 DEBUG 17380 --- [    Test worker] m.m.a.RequestResponseBodyMethodProcessor : Read "application/json;charset=UTF-8" to [{password=wrongpassword, email=test@example.com}]
2024-10-16T00:17:20.493+02:00 DEBUG 17380 --- [    Test worker] o.s.w.s.m.m.a.HttpEntityMethodProcessor  : Using 'application/json', given [*/*] and supported [application/json, application/*+json]
2024-10-16T00:17:20.493+02:00 DEBUG 17380 --- [    Test worker] o.s.w.s.m.m.a.HttpEntityMethodProcessor  : Writing [{error=Invalid credentials}]
2024-10-16T00:17:20.519+02:00 DEBUG 17380 --- [    Test worker] o.s.security.web.FilterChainProxy        : Securing POST /account/register
2024-10-16T00:17:20.520+02:00 DEBUG 17380 --- [    Test worker] o.s.s.w.a.AnonymousAuthenticationFilter  : Set SecurityContextHolder to anonymous SecurityContext
2024-10-16T00:17:20.521+02:00 DEBUG 17380 --- [    Test worker] s.w.s.m.m.a.RequestMappingHandlerMapping : Mapped to com.example.auth_service.controller.AuthController#registerUser(User)
2024-10-16T00:17:20.522+02:00 DEBUG 17380 --- [    Test worker] s.w.s.m.m.a.RequestMappingHandlerMapping : Mapped to com.example.auth_service.controller.AuthController#registerUser(User)
2024-10-16T00:17:20.523+02:00 DEBUG 17380 --- [    Test worker] o.s.security.web.FilterChainProxy        : Secured POST /account/register
2024-10-16T00:17:20.523+02:00 DEBUG 17380 --- [    Test worker] s.w.s.m.m.a.RequestMappingHandlerMapping : Mapped to com.example.auth_service.controller.AuthController#registerUser(User)
2024-10-16T00:17:20.525+02:00 DEBUG 17380 --- [    Test worker] m.m.a.RequestResponseBodyMethodProcessor : Read "application/json;charset=UTF-8" to [com.example.auth_service.model.User@728cf276]
2024-10-16T00:17:20.527+02:00 DEBUG 17380 --- [    Test worker] o.s.w.s.m.m.a.HttpEntityMethodProcessor  : Using 'application/json', given [*/*] and supported [application/json, application/*+json]
2024-10-16T00:17:20.528+02:00 DEBUG 17380 --- [    Test worker] o.s.w.s.m.m.a.HttpEntityMethodProcessor  : Writing [{message=User registered successfully}]
2024-10-16T00:17:20.564+02:00 DEBUG 17380 --- [    Test worker] o.s.security.web.FilterChainProxy        : Securing POST /account/token
2024-10-16T00:17:20.564+02:00 DEBUG 17380 --- [    Test worker] o.s.s.w.a.AnonymousAuthenticationFilter  : Set SecurityContextHolder to anonymous SecurityContext
2024-10-16T00:17:20.565+02:00 DEBUG 17380 --- [    Test worker] s.w.s.m.m.a.RequestMappingHandlerMapping : Mapped to com.example.auth_service.controller.AuthController#getToken(Map)
2024-10-16T00:17:20.566+02:00 DEBUG 17380 --- [    Test worker] s.w.s.m.m.a.RequestMappingHandlerMapping : Mapped to com.example.auth_service.controller.AuthController#getToken(Map)
2024-10-16T00:17:20.566+02:00 DEBUG 17380 --- [    Test worker] s.w.s.m.m.a.RequestMappingHandlerMapping : Mapped to com.example.auth_service.controller.AuthController#getToken(Map)
2024-10-16T00:17:20.566+02:00 DEBUG 17380 --- [    Test worker] o.s.security.web.FilterChainProxy        : Secured POST /account/token
2024-10-16T00:17:20.568+02:00 DEBUG 17380 --- [    Test worker] s.w.s.m.m.a.RequestMappingHandlerMapping : Mapped to com.example.auth_service.controller.AuthController#getToken(Map)
2024-10-16T00:17:20.570+02:00 DEBUG 17380 --- [    Test worker] m.m.a.RequestResponseBodyMethodProcessor : Read "application/json;charset=UTF-8" to [{password=password123, email=test@example.com}]
2024-10-16T00:17:20.574+02:00 DEBUG 17380 --- [    Test worker] o.s.w.s.m.m.a.HttpEntityMethodProcessor  : Using 'application/json', given [*/*] and supported [application/json, application/*+json]
2024-10-16T00:17:20.574+02:00 DEBUG 17380 --- [    Test worker] o.s.w.s.m.m.a.HttpEntityMethodProcessor  : Writing [{token=test.jwt.token}]
2024-10-16T00:17:20.600+02:00 DEBUG 17380 --- [    Test worker] o.s.security.web.FilterChainProxy        : Securing GET /account
2024-10-16T00:17:20.601+02:00 DEBUG 17380 --- [    Test worker] o.s.s.w.a.AnonymousAuthenticationFilter  : Set SecurityContextHolder to anonymous SecurityContext
2024-10-16T00:17:20.602+02:00 DEBUG 17380 --- [    Test worker] s.w.s.m.m.a.RequestMappingHandlerMapping : Mapped to com.example.auth_service.controller.AuthController#checkStatus()
2024-10-16T00:17:20.603+02:00 DEBUG 17380 --- [    Test worker] o.s.security.web.FilterChainProxy        : Secured GET /account
2024-10-16T00:17:20.604+02:00 DEBUG 17380 --- [    Test worker] s.w.s.m.m.a.RequestMappingHandlerMapping : Mapped to com.example.auth_service.controller.AuthController#checkStatus()
2024-10-16T00:17:20.605+02:00 DEBUG 17380 --- [    Test worker] o.s.w.s.m.m.a.HttpEntityMethodProcessor  : Using 'application/json', given [*/*] and supported [application/json, application/*+json]
2024-10-16T00:17:20.606+02:00 DEBUG 17380 --- [    Test worker] o.s.w.s.m.m.a.HttpEntityMethodProcessor  : Writing [{status=Auth service is up and running}]
]]></system-out>
  <system-err><![CDATA[]]></system-err>
</testsuite>
