<?xml version="1.0" encoding="UTF-8"?>
<testsuite name="com.example.auth_service.controller.AuthControllerTests" tests="5" skipped="0" failures="0" errors="0" timestamp="2024-10-15T22:02:12" hostname="ALEXPC" time="0.497">
  <properties/>
  <testcase name="registerUser_withExistingEmail_shouldReturnBadRequest()" classname="com.example.auth_service.controller.AuthControllerTests" time="0.412"/>
  <testcase name="getToken_withInvalidCredentials_shouldReturnBadRequest()" classname="com.example.auth_service.controller.AuthControllerTests" time="0.02"/>
  <testcase name="registerUser_withNewEmail_shouldReturnOk()" classname="com.example.auth_service.controller.AuthControllerTests" time="0.018"/>
  <testcase name="getToken_withValidCredentials_shouldReturnToken()" classname="com.example.auth_service.controller.AuthControllerTests" time="0.022"/>
  <testcase name="checkStatus_shouldReturnOk()" classname="com.example.auth_service.controller.AuthControllerTests" time="0.009"/>
  <system-out><![CDATA[2024-10-16T00:02:11.077+02:00  INFO 18948 --- [    Test worker] t.c.s.AnnotationConfigContextLoaderUtils : Could not detect default configuration classes for test class [com.example.auth_service.controller.AuthControllerTests]: AuthControllerTests does not declare any static, non-private, non-final, nested classes annotated with @Configuration.
2024-10-16T00:02:11.129+02:00  INFO 18948 --- [    Test worker] .b.t.c.SpringBootTestContextBootstrapper : Found @SpringBootConfiguration com.example.auth_service.AuthServiceApplication for test class com.example.auth_service.controller.AuthControllerTests

  .   ____          _            __ _ _
 /\\ / ___'_ __ _ _(_)_ __  __ _ \ \ \ \
( ( )\___ | '_ | '_| | '_ \/ _` | \ \ \ \
 \\/  ___)| |_)| | | | | || (_| |  ) ) ) )
  '  |____| .__|_| |_|_| |_\__, | / / / /
 =========|_|==============|___/=/_/_/_/
 :: Spring Boot ::                (v3.1.0)

2024-10-16T00:02:11.195+02:00  INFO 18948 --- [    Test worker] c.e.a.controller.AuthControllerTests     : Starting AuthControllerTests using Java 21.0.4 with PID 18948 (started by avuzi in C:\Users\avuzi\OneDrive\Desktop\backend_solo\mySolution\auth-service)
2024-10-16T00:02:11.197+02:00  INFO 18948 --- [    Test worker] c.e.a.controller.AuthControllerTests     : No active profile set, falling back to 1 default profile: "default"
2024-10-16T00:02:11.201+02:00 DEBUG 18948 --- [    Test worker] o.s.w.c.s.GenericWebApplicationContext   : Refreshing org.springframework.web.context.support.GenericWebApplicationContext@51f31fad
2024-10-16T00:02:12.143+02:00  WARN 18948 --- [    Test worker] .s.s.UserDetailsServiceAutoConfiguration : 

Using generated security password: 421fbfb6-8a86-47ec-bb3d-7c50b71c8949

This generated password is for development use only. Your security configuration must be updated before running your application in production.

2024-10-16T00:02:12.203+02:00 DEBUG 18948 --- [    Test worker] s.w.s.m.m.a.RequestMappingHandlerMapping : 6 mappings in 'requestMappingHandlerMapping'
2024-10-16T00:02:12.278+02:00 DEBUG 18948 --- [    Test worker] o.s.w.s.handler.SimpleUrlHandlerMapping  : Patterns [/webjars/**, /**] in 'resourceHandlerMapping'
2024-10-16T00:02:12.292+02:00  INFO 18948 --- [    Test worker] o.s.s.web.DefaultSecurityFilterChain     : Will secure any request with [org.springframework.security.web.session.DisableEncodeUrlFilter@75c36570, org.springframework.security.web.context.request.async.WebAsyncManagerIntegrationFilter@67857a20, org.springframework.security.web.context.SecurityContextHolderFilter@470c2a7a, org.springframework.security.web.header.HeaderWriterFilter@5016934, org.springframework.web.filter.CorsFilter@238cac6, org.springframework.security.web.authentication.logout.LogoutFilter@240a717d, org.springframework.security.web.savedrequest.RequestCacheAwareFilter@62b3871, org.springframework.security.web.servletapi.SecurityContextHolderAwareRequestFilter@8eda949, org.springframework.security.web.authentication.AnonymousAuthenticationFilter@2bcaec2e, org.springframework.security.web.session.SessionManagementFilter@e10809f, org.springframework.security.web.access.ExceptionTranslationFilter@73864c16, org.springframework.security.web.access.intercept.AuthorizationFilter@2b57dc2]
2024-10-16T00:02:12.358+02:00 DEBUG 18948 --- [    Test worker] s.w.s.m.m.a.RequestMappingHandlerAdapter : ControllerAdvice beans: 0 @ModelAttribute, 0 @InitBinder, 1 RequestBodyAdvice, 1 ResponseBodyAdvice
2024-10-16T00:02:12.370+02:00 DEBUG 18948 --- [    Test worker] .m.m.a.ExceptionHandlerExceptionResolver : ControllerAdvice beans: 0 @ExceptionHandler, 1 ResponseBodyAdvice
2024-10-16T00:02:12.445+02:00  INFO 18948 --- [    Test worker] o.s.b.t.m.w.SpringBootMockServletContext : Initializing Spring TestDispatcherServlet ''
2024-10-16T00:02:12.445+02:00  INFO 18948 --- [    Test worker] o.s.t.web.servlet.TestDispatcherServlet  : Initializing Servlet ''
2024-10-16T00:02:12.447+02:00  INFO 18948 --- [    Test worker] o.s.t.web.servlet.TestDispatcherServlet  : Completed initialization in 2 ms
2024-10-16T00:02:12.468+02:00  INFO 18948 --- [    Test worker] c.e.a.controller.AuthControllerTests     : Started AuthControllerTests in 1.327 seconds (process running for 9.709)
2024-10-16T00:02:12.623+02:00 DEBUG 18948 --- [    Test worker] o.s.security.web.FilterChainProxy        : Securing POST /account/register
2024-10-16T00:02:12.641+02:00 DEBUG 18948 --- [    Test worker] o.s.s.w.a.AnonymousAuthenticationFilter  : Set SecurityContextHolder to anonymous SecurityContext
2024-10-16T00:02:12.667+02:00 DEBUG 18948 --- [    Test worker] s.w.s.m.m.a.RequestMappingHandlerMapping : Mapped to com.example.auth_service.controller.AuthController#registerUser(User)
2024-10-16T00:02:12.669+02:00 DEBUG 18948 --- [    Test worker] s.w.s.m.m.a.RequestMappingHandlerMapping : Mapped to com.example.auth_service.controller.AuthController#registerUser(User)
2024-10-16T00:02:12.671+02:00 DEBUG 18948 --- [    Test worker] o.s.security.web.FilterChainProxy        : Secured POST /account/register
2024-10-16T00:02:12.679+02:00 DEBUG 18948 --- [    Test worker] s.w.s.m.m.a.RequestMappingHandlerMapping : Mapped to com.example.auth_service.controller.AuthController#registerUser(User)
2024-10-16T00:02:12.766+02:00 DEBUG 18948 --- [    Test worker] m.m.a.RequestResponseBodyMethodProcessor : Read "application/json;charset=UTF-8" to [com.example.auth_service.model.User@38950138]
2024-10-16T00:02:12.794+02:00 DEBUG 18948 --- [    Test worker] o.s.w.s.m.m.a.HttpEntityMethodProcessor  : Using 'application/json', given [*/*] and supported [application/json, application/*+json]
2024-10-16T00:02:12.797+02:00 DEBUG 18948 --- [    Test worker] o.s.w.s.m.m.a.HttpEntityMethodProcessor  : Writing [{error=Email already exists}]
2024-10-16T00:02:12.905+02:00 DEBUG 18948 --- [    Test worker] o.s.security.web.FilterChainProxy        : Securing POST /account/token
2024-10-16T00:02:12.907+02:00 DEBUG 18948 --- [    Test worker] o.s.s.w.a.AnonymousAuthenticationFilter  : Set SecurityContextHolder to anonymous SecurityContext
2024-10-16T00:02:12.907+02:00 DEBUG 18948 --- [    Test worker] s.w.s.m.m.a.RequestMappingHandlerMapping : Mapped to com.example.auth_service.controller.AuthController#getToken(Map)
2024-10-16T00:02:12.907+02:00 DEBUG 18948 --- [    Test worker] s.w.s.m.m.a.RequestMappingHandlerMapping : Mapped to com.example.auth_service.controller.AuthController#getToken(Map)
2024-10-16T00:02:12.908+02:00 DEBUG 18948 --- [    Test worker] s.w.s.m.m.a.RequestMappingHandlerMapping : Mapped to com.example.auth_service.controller.AuthController#getToken(Map)
2024-10-16T00:02:12.908+02:00 DEBUG 18948 --- [    Test worker] o.s.security.web.FilterChainProxy        : Secured POST /account/token
2024-10-16T00:02:12.908+02:00 DEBUG 18948 --- [    Test worker] s.w.s.m.m.a.RequestMappingHandlerMapping : Mapped to com.example.auth_service.controller.AuthController#getToken(Map)
2024-10-16T00:02:12.912+02:00 DEBUG 18948 --- [    Test worker] m.m.a.RequestResponseBodyMethodProcessor : Read "application/json;charset=UTF-8" to [{password=wrongpassword, email=test@example.com}]
2024-10-16T00:02:12.916+02:00 DEBUG 18948 --- [    Test worker] o.s.w.s.m.m.a.HttpEntityMethodProcessor  : Using 'application/json', given [*/*] and supported [application/json, application/*+json]
2024-10-16T00:02:12.916+02:00 DEBUG 18948 --- [    Test worker] o.s.w.s.m.m.a.HttpEntityMethodProcessor  : Writing [{error=Invalid credentials}]
2024-10-16T00:02:12.933+02:00 DEBUG 18948 --- [    Test worker] o.s.security.web.FilterChainProxy        : Securing POST /account/register
2024-10-16T00:02:12.934+02:00 DEBUG 18948 --- [    Test worker] o.s.s.w.a.AnonymousAuthenticationFilter  : Set SecurityContextHolder to anonymous SecurityContext
2024-10-16T00:02:12.934+02:00 DEBUG 18948 --- [    Test worker] s.w.s.m.m.a.RequestMappingHandlerMapping : Mapped to com.example.auth_service.controller.AuthController#registerUser(User)
2024-10-16T00:02:12.935+02:00 DEBUG 18948 --- [    Test worker] s.w.s.m.m.a.RequestMappingHandlerMapping : Mapped to com.example.auth_service.controller.AuthController#registerUser(User)
2024-10-16T00:02:12.935+02:00 DEBUG 18948 --- [    Test worker] o.s.security.web.FilterChainProxy        : Secured POST /account/register
2024-10-16T00:02:12.935+02:00 DEBUG 18948 --- [    Test worker] s.w.s.m.m.a.RequestMappingHandlerMapping : Mapped to com.example.auth_service.controller.AuthController#registerUser(User)
2024-10-16T00:02:12.936+02:00 DEBUG 18948 --- [    Test worker] m.m.a.RequestResponseBodyMethodProcessor : Read "application/json;charset=UTF-8" to [com.example.auth_service.model.User@6dbe6891]
2024-10-16T00:02:12.937+02:00 DEBUG 18948 --- [    Test worker] o.s.w.s.m.m.a.HttpEntityMethodProcessor  : Using 'application/json', given [*/*] and supported [application/json, application/*+json]
2024-10-16T00:02:12.939+02:00 DEBUG 18948 --- [    Test worker] o.s.w.s.m.m.a.HttpEntityMethodProcessor  : Writing [{message=User registered successfully}]
2024-10-16T00:02:12.959+02:00 DEBUG 18948 --- [    Test worker] o.s.security.web.FilterChainProxy        : Securing POST /account/token
2024-10-16T00:02:12.959+02:00 DEBUG 18948 --- [    Test worker] o.s.s.w.a.AnonymousAuthenticationFilter  : Set SecurityContextHolder to anonymous SecurityContext
2024-10-16T00:02:12.961+02:00 DEBUG 18948 --- [    Test worker] s.w.s.m.m.a.RequestMappingHandlerMapping : Mapped to com.example.auth_service.controller.AuthController#getToken(Map)
2024-10-16T00:02:12.961+02:00 DEBUG 18948 --- [    Test worker] s.w.s.m.m.a.RequestMappingHandlerMapping : Mapped to com.example.auth_service.controller.AuthController#getToken(Map)
2024-10-16T00:02:12.961+02:00 DEBUG 18948 --- [    Test worker] s.w.s.m.m.a.RequestMappingHandlerMapping : Mapped to com.example.auth_service.controller.AuthController#getToken(Map)
2024-10-16T00:02:12.961+02:00 DEBUG 18948 --- [    Test worker] o.s.security.web.FilterChainProxy        : Secured POST /account/token
2024-10-16T00:02:12.962+02:00 DEBUG 18948 --- [    Test worker] s.w.s.m.m.a.RequestMappingHandlerMapping : Mapped to com.example.auth_service.controller.AuthController#getToken(Map)
2024-10-16T00:02:12.963+02:00 DEBUG 18948 --- [    Test worker] m.m.a.RequestResponseBodyMethodProcessor : Read "application/json;charset=UTF-8" to [{password=password123, email=test@example.com}]
2024-10-16T00:02:12.964+02:00 DEBUG 18948 --- [    Test worker] o.s.w.s.m.m.a.HttpEntityMethodProcessor  : Using 'application/json', given [*/*] and supported [application/json, application/*+json]
2024-10-16T00:02:12.964+02:00 DEBUG 18948 --- [    Test worker] o.s.w.s.m.m.a.HttpEntityMethodProcessor  : Writing [{token=test.jwt.token}]
2024-10-16T00:02:12.975+02:00 DEBUG 18948 --- [    Test worker] o.s.security.web.FilterChainProxy        : Securing GET /account
2024-10-16T00:02:12.975+02:00 DEBUG 18948 --- [    Test worker] o.s.s.w.a.AnonymousAuthenticationFilter  : Set SecurityContextHolder to anonymous SecurityContext
2024-10-16T00:02:12.977+02:00 DEBUG 18948 --- [    Test worker] s.w.s.m.m.a.RequestMappingHandlerMapping : Mapped to com.example.auth_service.controller.AuthController#checkStatus()
2024-10-16T00:02:12.977+02:00 DEBUG 18948 --- [    Test worker] o.s.security.web.FilterChainProxy        : Secured GET /account
2024-10-16T00:02:12.977+02:00 DEBUG 18948 --- [    Test worker] s.w.s.m.m.a.RequestMappingHandlerMapping : Mapped to com.example.auth_service.controller.AuthController#checkStatus()
2024-10-16T00:02:12.978+02:00 DEBUG 18948 --- [    Test worker] o.s.w.s.m.m.a.HttpEntityMethodProcessor  : Using 'application/json', given [*/*] and supported [application/json, application/*+json]
2024-10-16T00:02:12.978+02:00 DEBUG 18948 --- [    Test worker] o.s.w.s.m.m.a.HttpEntityMethodProcessor  : Writing [{status=Auth service is up and running}]
]]></system-out>
  <system-err><![CDATA[]]></system-err>
</testsuite>
